Using pre-set license
Built from '2021.3/staging' branch; Version is '2021.3.24f1 (cf10dcf7010d) revision 13570268'; Using compiler version '192829333'; Build Type 'Release'
OS: 'Windows 11  (10.0.22621) 64bit Core' Language: 'en' Physical Memory: 16085 MB
BatchMode: 1, IsHumanControllingUs: 0, StartBugReporterOnCrash: 0, Is64bit: 1, IsPro: 1

COMMAND LINE ARGUMENTS:
C:\Program Files\Unity\Hub\Editor\2021.3.24f1\Editor\Unity.exe
-adb2
-batchMode
-noUpm
-name
AssetImportWorker2
-projectPath
C:/Users/Kendry/Project Yudivian
-logFile
Logs/AssetImportWorker2.log
-srvPort
63907
Successfully changed project path to: C:/Users/Kendry/Project Yudivian
C:/Users/Kendry/Project Yudivian
[UnityMemory] Configuration Parameters - Can be set up in boot.config
    "memorysetup-bucket-allocator-granularity=16"
    "memorysetup-bucket-allocator-bucket-count=8"
    "memorysetup-bucket-allocator-block-size=33554432"
    "memorysetup-bucket-allocator-block-count=8"
    "memorysetup-main-allocator-block-size=16777216"
    "memorysetup-thread-allocator-block-size=16777216"
    "memorysetup-gfx-main-allocator-block-size=16777216"
    "memorysetup-gfx-thread-allocator-block-size=16777216"
    "memorysetup-cache-allocator-block-size=4194304"
    "memorysetup-typetree-allocator-block-size=2097152"
    "memorysetup-profiler-bucket-allocator-granularity=16"
    "memorysetup-profiler-bucket-allocator-bucket-count=8"
    "memorysetup-profiler-bucket-allocator-block-size=33554432"
    "memorysetup-profiler-bucket-allocator-block-count=8"
    "memorysetup-profiler-allocator-block-size=16777216"
    "memorysetup-profiler-editor-allocator-block-size=1048576"
    "memorysetup-temp-allocator-size-main=16777216"
    "memorysetup-job-temp-allocator-block-size=2097152"
    "memorysetup-job-temp-allocator-block-size-background=1048576"
    "memorysetup-job-temp-allocator-reduction-small-platforms=262144"
    "memorysetup-temp-allocator-size-background-worker=32768"
    "memorysetup-temp-allocator-size-job-worker=262144"
    "memorysetup-temp-allocator-size-preload-manager=33554432"
    "memorysetup-temp-allocator-size-nav-mesh-worker=65536"
    "memorysetup-temp-allocator-size-audio-worker=65536"
    "memorysetup-temp-allocator-size-cloud-worker=32768"
    "memorysetup-temp-allocator-size-gi-baking-worker=262144"
    "memorysetup-temp-allocator-size-gfx=262144"
Player connection [4072] Host "[IP] 10.32.32.3 [Port] 0 [Flags] 2 [Guid] 936638301 [EditorId] 936638301 [Version] 1048832 [Id] WindowsEditor(7,MSI) [Debug] 1 [PackageName] WindowsEditor [ProjectName] Editor" joined multi-casting on [225.0.0.222:54997]...

Player connection [4072] Host "[IP] 10.32.32.3 [Port] 0 [Flags] 2 [Guid] 936638301 [EditorId] 936638301 [Version] 1048832 [Id] WindowsEditor(7,MSI) [Debug] 1 [PackageName] WindowsEditor [ProjectName] Editor" joined alternative multi-casting on [225.0.0.222:34997]...

Refreshing native plugins compatible for Editor in 132.08 ms, found 4 plugins.
Preloading 0 native plugins for Editor in 0.00 ms.
Initialize engine version: 2021.3.24f1 (cf10dcf7010d)
[Subsystems] Discovering subsystems at path C:/Program Files/Unity/Hub/Editor/2021.3.24f1/Editor/Data/Resources/UnitySubsystems
[Subsystems] Discovering subsystems at path C:/Users/Kendry/Project Yudivian/Assets
GfxDevice: creating device client; threaded=0; jobified=0
Direct3D:
    Version:  Direct3D 11.0 [level 11.1]
    Renderer: NVIDIA GeForce GTX 1650 with Max-Q Design (ID=0x1f9d)
    Vendor:   NVIDIA
    VRAM:     3952 MB
    Driver:   31.0.15.3129
Initialize mono
Mono path[0] = 'C:/Program Files/Unity/Hub/Editor/2021.3.24f1/Editor/Data/Managed'
Mono path[1] = 'C:/Program Files/Unity/Hub/Editor/2021.3.24f1/Editor/Data/MonoBleedingEdge/lib/mono/unityjit-win32'
Mono config path = 'C:/Program Files/Unity/Hub/Editor/2021.3.24f1/Editor/Data/MonoBleedingEdge/etc'
Using monoOptions --debugger-agent=transport=dt_socket,embedding=1,server=y,suspend=n,address=127.0.0.1:56248
Begin MonoManager ReloadAssembly
Registering precompiled unity dll's ...
Register platform support module: C:/Program Files/Unity/Hub/Editor/2021.3.24f1/Editor/Data/PlaybackEngines/WindowsStandaloneSupport/UnityEditor.WindowsStandalone.Extensions.dll
Registered in 0.004161 seconds.
Native extension for WindowsStandalone target not found
Refreshing native plugins compatible for Editor in 88.65 ms, found 4 plugins.
Preloading 0 native plugins for Editor in 0.00 ms.
Mono: successfully reloaded assembly
- Completed reload, in  0.821 seconds
Domain Reload Profiling:
	ReloadAssembly (821ms)
		BeginReloadAssembly (109ms)
			ExecutionOrderSort (0ms)
			DisableScriptedObjects (0ms)
			BackupInstance (0ms)
			ReleaseScriptingObjects (0ms)
			CreateAndSetChildDomain (1ms)
		EndReloadAssembly (565ms)
			LoadAssemblies (110ms)
			RebuildTransferFunctionScriptingTraits (0ms)
			SetupTypeCache (144ms)
			ReleaseScriptCaches (0ms)
			RebuildScriptCaches (35ms)
			SetupLoadedEditorAssemblies (316ms)
				LogAssemblyErrors (0ms)
				InitializePlatformSupportModulesInManaged (10ms)
				SetLoadedEditorAssemblies (0ms)
				RefreshPlugins (89ms)
				BeforeProcessingInitializeOnLoad (1ms)
				ProcessInitializeOnLoadAttributes (165ms)
				ProcessInitializeOnLoadMethodAttributes (50ms)
				AfterProcessingInitializeOnLoad (0ms)
				EditorAssembliesLoaded (0ms)
			ExecutionOrderSort2 (0ms)
			AwakeInstancesAfterBackupRestoration (0ms)
Platform modules already initialized, skipping
Registering precompiled user dll's ...
Registered in 0.004980 seconds.
Begin MonoManager ReloadAssembly
Symbol file LoadedFromMemory doesn't match image C:\Users\Kendry\Project Yudivian\Library\PackageCache\com.unity.visualscripting@1.8.0\Editor\VisualScripting.Core\Dependencies\YamlDotNet\Unity.VisualScripting.YamlDotNet.dll
Symbol file LoadedFromMemory doesn't match image C:\Users\Kendry\Project Yudivian\Library\PackageCache\com.unity.visualscripting@1.8.0\Editor\VisualScripting.Core\Dependencies\DotNetZip\Unity.VisualScripting.IonicZip.dll
Native extension for WindowsStandalone target not found
Refreshing native plugins compatible for Editor in 104.30 ms, found 4 plugins.
Preloading 0 native plugins for Editor in 0.00 ms.
Mono: successfully reloaded assembly
- Completed reload, in  1.156 seconds
Domain Reload Profiling:
	ReloadAssembly (1157ms)
		BeginReloadAssembly (120ms)
			ExecutionOrderSort (0ms)
			DisableScriptedObjects (4ms)
			BackupInstance (0ms)
			ReleaseScriptingObjects (0ms)
			CreateAndSetChildDomain (18ms)
		EndReloadAssembly (937ms)
			LoadAssemblies (104ms)
			RebuildTransferFunctionScriptingTraits (0ms)
			SetupTypeCache (247ms)
			ReleaseScriptCaches (1ms)
			RebuildScriptCaches (70ms)
			SetupLoadedEditorAssemblies (475ms)
				LogAssemblyErrors (0ms)
				InitializePlatformSupportModulesInManaged (3ms)
				SetLoadedEditorAssemblies (0ms)
				RefreshPlugins (104ms)
				BeforeProcessingInitializeOnLoad (101ms)
				ProcessInitializeOnLoadAttributes (218ms)
				ProcessInitializeOnLoadMethodAttributes (44ms)
				AfterProcessingInitializeOnLoad (5ms)
				EditorAssembliesLoaded (0ms)
			ExecutionOrderSort2 (0ms)
			AwakeInstancesAfterBackupRestoration (13ms)
Platform modules already initialized, skipping
========================================================================
Worker process is ready to serve import requests
Launched and connected shader compiler UnityShaderCompiler.exe after 0.06 seconds
Refreshing native plugins compatible for Editor in 1.05 ms, found 4 plugins.
Preloading 0 native plugins for Editor in 0.00 ms.
Unloading 3734 Unused Serialized files (Serialized files now loaded: 0)
Unloading 41 unused Assets / (229.3 KB). Loaded Objects now: 4187.
Memory consumption went from 142.7 MB to 142.5 MB.
Total: 3.379700 ms (FindLiveObjects: 0.339300 ms CreateObjectMapping: 0.113200 ms MarkObjects: 2.690300 ms  DeleteObjects: 0.235100 ms)

AssetImportParameters requested are different than current active one (requested -> active):
  custom:video-decoder-ogg-theora: a1e56fd34408186e4bbccfd4996cb3dc -> 
  custom:container-muxer-webm: aa71ff27fc2769a1b78a27578f13a17b -> 
  custom:container-demuxer-webm: 4f35f7cbe854078d1ac9338744f61a02 -> 
  custom:video-encoder-webm-vp8: eb34c28f22e8b96e1ab97ce403110664 -> 
  custom:audio-encoder-webm-vorbis: bf7c407c2cedff20999df2af8eb42d56 -> 
  custom:framework-win-MediaFoundation: 216162199b28c13a410421893ffa2e32 -> 
  custom:container-demuxer-ogg: 62fdf1f143b41e24485cea50d1cbac27 -> 
  custom:video-decoder-webm-vp8: 9c59270c3fd7afecdb556c50c9e8de78 -> 
  custom:audio-decoder-ogg-vorbis: bf7c407c2cedff20999df2af8eb42d56 -> 
========================================================================
Received Import Request.
  Time since last request: 1127288.978616 seconds.
  path: Assets/Epoca De Piedra/PNG
  artifactKey: Guid(2b03e73b3f2b5a84b8bad85511131e4b) Importer(815301076,1909f56bfc062723c751e8b465ee728b)
Start importing Assets/Epoca De Piedra/PNG using Guid(2b03e73b3f2b5a84b8bad85511131e4b) Importer(815301076,1909f56bfc062723c751e8b465ee728b)  -> (artifact id: 'f77b4573fbe115c62633a66b1077cfb6') in 0.016592 seconds 
========================================================================
Received Import Request.
  Time since last request: 1.724895 seconds.
  path: Assets/Epoca De Piedra/PNG/sprites
  artifactKey: Guid(4d27d3536295c79439dabba5aba1b7c0) Importer(815301076,1909f56bfc062723c751e8b465ee728b)
Start importing Assets/Epoca De Piedra/PNG/sprites using Guid(4d27d3536295c79439dabba5aba1b7c0) Importer(815301076,1909f56bfc062723c751e8b465ee728b)  -> (artifact id: 'f88a4272ebfb34cac398bfde36d4624c') in 0.008129 seconds 
========================================================================
Received Import Request.
  Time since last request: 94.593929 seconds.
  path: Assets
  artifactKey: Guid(00000000000000001000000000000000) Importer(815301076,1909f56bfc062723c751e8b465ee728b)
Start importing Assets using Guid(00000000000000001000000000000000) Importer(815301076,1909f56bfc062723c751e8b465ee728b)  -> (artifact id: '79842766b460edbeab6a34051e857a80') in 0.012327 seconds 
========================================================================
Received Import Request.
  Time since last request: 12.675156 seconds.
  path: Assets/Palet
  artifactKey: Guid(49e51e43c46b5de4ca8fda32f30203b9) Importer(815301076,1909f56bfc062723c751e8b465ee728b)
Start importing Assets/Palet using Guid(49e51e43c46b5de4ca8fda32f30203b9) Importer(815301076,1909f56bfc062723c751e8b465ee728b)  -> (artifact id: '79ff06170df0763905eda8139b03cae8') in 0.008450 seconds 
========================================================================
Received Import Request.
  Time since last request: 82.668360 seconds.
  path: Assets/Epoca De Piedra
  artifactKey: Guid(bd6bbb502ceb1464e9d1f765c11134a7) Importer(815301076,1909f56bfc062723c751e8b465ee728b)
Start importing Assets/Epoca De Piedra using Guid(bd6bbb502ceb1464e9d1f765c11134a7) Importer(815301076,1909f56bfc062723c751e8b465ee728b)  -> (artifact id: '9baf607c9f9388538e688dfbb0b00b8f') in 0.010597 seconds 
========================================================================
Received Import Request.
  Time since last request: 5.584104 seconds.
  path: Assets/Epoca De Piedra/PSD
  artifactKey: Guid(14038d38c91400d40878f6b6001fbffc) Importer(815301076,1909f56bfc062723c751e8b465ee728b)
Start importing Assets/Epoca De Piedra/PSD using Guid(14038d38c91400d40878f6b6001fbffc) Importer(815301076,1909f56bfc062723c751e8b465ee728b)  -> (artifact id: '5e4c583081c5251c061b172d4e143c65') in 0.008200 seconds 
========================================================================
Received Import Request.
  Time since last request: 0.135215 seconds.
  path: Assets/Epoca De Piedra/PSD/concepts.psd
  artifactKey: Guid(ff849784e8bb7bf469998e9d108c4d7a) Importer(815301076,1909f56bfc062723c751e8b465ee728b)
Start importing Assets/Epoca De Piedra/PSD/concepts.psd using Guid(ff849784e8bb7bf469998e9d108c4d7a) Importer(815301076,1909f56bfc062723c751e8b465ee728b)  -> (artifact id: '7caa63bd447a6e1f0307750e49c266f8') in 0.170931 seconds 
========================================================================
Received Import Request.
  Time since last request: 1.900069 seconds.
  path: Assets/Epoca De Piedra/PSD/sprites
  artifactKey: Guid(252d87d8dc245f241af30e4bb6792858) Importer(815301076,1909f56bfc062723c751e8b465ee728b)
Start importing Assets/Epoca De Piedra/PSD/sprites using Guid(252d87d8dc245f241af30e4bb6792858) Importer(815301076,1909f56bfc062723c751e8b465ee728b)  -> (artifact id: 'e067185478749cf1c4a8cb38f5f7b966') in 0.011569 seconds 
========================================================================
Received Import Request.
  Time since last request: 0.047108 seconds.
  path: Assets/Epoca De Piedra/PSD/sprites/bearded-idle.psd
  artifactKey: Guid(23b9d2bf4bc385e48945c63ad4c0ce20) Importer(815301076,1909f56bfc062723c751e8b465ee728b)
Start importing Assets/Epoca De Piedra/PSD/sprites/bearded-idle.psd using Guid(23b9d2bf4bc385e48945c63ad4c0ce20) Importer(815301076,1909f56bfc062723c751e8b465ee728b)  -> (artifact id: 'e2fd5727c798849c7f21af912fcc8284') in 0.029641 seconds 
========================================================================
Received Import Request.
  Time since last request: 0.000042 seconds.
  path: Assets/Epoca De Piedra/PSD/sprites/oldman-walk.psd
  artifactKey: Guid(d12ffeaddeb0ded4e81828b6fed5c4f0) Importer(815301076,1909f56bfc062723c751e8b465ee728b)
Start importing Assets/Epoca De Piedra/PSD/sprites/oldman-walk.psd using Guid(d12ffeaddeb0ded4e81828b6fed5c4f0) Importer(815301076,1909f56bfc062723c751e8b465ee728b)  -> (artifact id: 'ac1110a12829052c3cc99b903d4b6f53') in 0.021474 seconds 
========================================================================
Received Import Request.
  Time since last request: 0.000065 seconds.
  path: Assets/Epoca De Piedra/PSD/sprites/hat-man-walk.psd
  artifactKey: Guid(db008d10b74036341b0797192929a273) Importer(815301076,1909f56bfc062723c751e8b465ee728b)
Start importing Assets/Epoca De Piedra/PSD/sprites/hat-man-walk.psd using Guid(db008d10b74036341b0797192929a273) Importer(815301076,1909f56bfc062723c751e8b465ee728b)  -> (artifact id: '455bc9066b2ee3cade114e9aee8d0dd7') in 0.024251 seconds 
========================================================================
Received Import Request.
  Time since last request: 0.000036 seconds.
  path: Assets/Epoca De Piedra/PSD/sprites/woman-idle.psd
  artifactKey: Guid(bd05a088b5ecbcd4e9082f77430371d8) Importer(815301076,1909f56bfc062723c751e8b465ee728b)
Start importing Assets/Epoca De Piedra/PSD/sprites/woman-idle.psd using Guid(bd05a088b5ecbcd4e9082f77430371d8) Importer(815301076,1909f56bfc062723c751e8b465ee728b)  -> (artifact id: '7992a49006bea63da303aebfc5e03c6b') in 0.019203 seconds 
========================================================================
Received Import Request.
  Time since last request: 12.065391 seconds.
  path: Assets/Epoca De Piedra/PNG/spritesheets
  artifactKey: Guid(1bcbebd3a6f547f42b1d75857de04162) Importer(815301076,1909f56bfc062723c751e8b465ee728b)
Start importing Assets/Epoca De Piedra/PNG/spritesheets using Guid(1bcbebd3a6f547f42b1d75857de04162) Importer(815301076,1909f56bfc062723c751e8b465ee728b)  -> (artifact id: 'f490217044b65cdba08b840020acb841') in 0.009684 seconds 
========================================================================
Received Import Request.
  Time since last request: 0.134200 seconds.
  path: Assets/Epoca De Piedra/PNG/spritesheets/bearded-idle.png
  artifactKey: Guid(f3448bd3feab7254ca0bf5084be9e60a) Importer(815301076,1909f56bfc062723c751e8b465ee728b)
Start importing Assets/Epoca De Piedra/PNG/spritesheets/bearded-idle.png using Guid(f3448bd3feab7254ca0bf5084be9e60a) Importer(815301076,1909f56bfc062723c751e8b465ee728b)  -> (artifact id: '01e4061a6e1822615f87473440862eca') in 0.056647 seconds 
========================================================================
Received Import Request.
  Time since last request: 0.000044 seconds.
  path: Assets/Epoca De Piedra/PNG/spritesheets/hat-man-walk.png
  artifactKey: Guid(6ec92f6c9c305c7409ac6494c3385d18) Importer(815301076,1909f56bfc062723c751e8b465ee728b)
Start importing Assets/Epoca De Piedra/PNG/spritesheets/hat-man-walk.png using Guid(6ec92f6c9c305c7409ac6494c3385d18) Importer(815301076,1909f56bfc062723c751e8b465ee728b)  -> (artifact id: 'a8d26f29d78faee8bf4273eaef3bd293') in 0.019867 seconds 
========================================================================
Received Import Request.
  Time since last request: 0.000032 seconds.
  path: Assets/Epoca De Piedra/PNG/spritesheets/woman-idle.png
  artifactKey: Guid(0e4c8be110b14de4c800550e4fb3b1a2) Importer(815301076,1909f56bfc062723c751e8b465ee728b)
Start importing Assets/Epoca De Piedra/PNG/spritesheets/woman-idle.png using Guid(0e4c8be110b14de4c800550e4fb3b1a2) Importer(815301076,1909f56bfc062723c751e8b465ee728b)  -> (artifact id: 'c597a7c5988b19017a32532e8fe7890f') in 0.018451 seconds 
========================================================================
Received Import Request.
  Time since last request: 10.195215 seconds.
  path: Assets/Epoca De Piedra/PNG/environment
  artifactKey: Guid(f92ec33553429494386245858a1f3c6f) Importer(815301076,1909f56bfc062723c751e8b465ee728b)
Start importing Assets/Epoca De Piedra/PNG/environment using Guid(f92ec33553429494386245858a1f3c6f) Importer(815301076,1909f56bfc062723c751e8b465ee728b)  -> (artifact id: '70b66f8d55987bf90d6a36249a157dab') in 0.015457 seconds 
========================================================================
Received Import Request.
  Time since last request: 0.039737 seconds.
  path: Assets/Epoca De Piedra/PNG/environment/environment-preview.png
  artifactKey: Guid(77c3d8d65ab1e8b4da501f1e1c28d60b) Importer(815301076,1909f56bfc062723c751e8b465ee728b)
Start importing Assets/Epoca De Piedra/PNG/environment/environment-preview.png using Guid(77c3d8d65ab1e8b4da501f1e1c28d60b) Importer(815301076,1909f56bfc062723c751e8b465ee728b)  -> (artifact id: '5e4f7535ba3d73e59767d2bc4ca27f8a') in 0.038586 seconds 
========================================================================
Received Import Request.
  Time since last request: 3.017895 seconds.
  path: Assets/Epoca De Piedra/PNG/environment/layers
  artifactKey: Guid(3c3d43bf50af46a4da8a7c93ee368533) Importer(815301076,1909f56bfc062723c751e8b465ee728b)
Start importing Assets/Epoca De Piedra/PNG/environment/layers using Guid(3c3d43bf50af46a4da8a7c93ee368533) Importer(815301076,1909f56bfc062723c751e8b465ee728b)  -> (artifact id: '6ea6777ae3704e5b66712b69a10a054d') in 0.013625 seconds 
========================================================================
Received Import Request.
  Time since last request: 0.047696 seconds.
  path: Assets/Epoca De Piedra/PNG/environment/layers/background.png
  artifactKey: Guid(7195d0902e5ed2c4da32bb8c2467ed22) Importer(815301076,1909f56bfc062723c751e8b465ee728b)
Start importing Assets/Epoca De Piedra/PNG/environment/layers/background.png using Guid(7195d0902e5ed2c4da32bb8c2467ed22) Importer(815301076,1909f56bfc062723c751e8b465ee728b)  -> (artifact id: 'b8a92185b39c567a769e8792430d524a') in 0.034601 seconds 
========================================================================
Received Import Request.
  Time since last request: 12.689910 seconds.
  path: Assets/Epoca De Piedra/PNG/environment/layers/sliced-tileset
  artifactKey: Guid(43139ffb74fef3d43b1d379fed4e7b9b) Importer(815301076,1909f56bfc062723c751e8b465ee728b)
Start importing Assets/Epoca De Piedra/PNG/environment/layers/sliced-tileset using Guid(43139ffb74fef3d43b1d379fed4e7b9b) Importer(815301076,1909f56bfc062723c751e8b465ee728b)  -> (artifact id: '4ef9bbfb1f13c8842c6254aeac2afddf') in 0.008128 seconds 
========================================================================
Received Import Request.
  Time since last request: 0.134772 seconds.
  path: Assets/Epoca De Piedra/PNG/environment/layers/sliced-tileset/ground-b.png
  artifactKey: Guid(9610f1db29df1654db1feb29f01c7b6f) Importer(815301076,1909f56bfc062723c751e8b465ee728b)
Start importing Assets/Epoca De Piedra/PNG/environment/layers/sliced-tileset/ground-b.png using Guid(9610f1db29df1654db1feb29f01c7b6f) Importer(815301076,1909f56bfc062723c751e8b465ee728b)  -> (artifact id: 'c232a20e9bcb7e32b763ad8df1dac31a') in 0.025989 seconds 
========================================================================
Received Import Request.
  Time since last request: 0.000031 seconds.
  path: Assets/Epoca De Piedra/PNG/environment/layers/sliced-tileset/right-roof.png
  artifactKey: Guid(f0b7d0d6ddf7b7a48b56ed6679ca54fc) Importer(815301076,1909f56bfc062723c751e8b465ee728b)
Start importing Assets/Epoca De Piedra/PNG/environment/layers/sliced-tileset/right-roof.png using Guid(f0b7d0d6ddf7b7a48b56ed6679ca54fc) Importer(815301076,1909f56bfc062723c751e8b465ee728b)  -> (artifact id: 'f154103423d37393771f89ec4c40f1bb') in 0.021236 seconds 
========================================================================
Received Import Request.
  Time since last request: 0.000025 seconds.
  path: Assets/Epoca De Piedra/PNG/environment/layers/sliced-tileset/right-slope.png
  artifactKey: Guid(292bc3cf81c90084d8d427af359f4cc4) Importer(815301076,1909f56bfc062723c751e8b465ee728b)
Start importing Assets/Epoca De Piedra/PNG/environment/layers/sliced-tileset/right-slope.png using Guid(292bc3cf81c90084d8d427af359f4cc4) Importer(815301076,1909f56bfc062723c751e8b465ee728b)  -> (artifact id: '62848ac23ff3649d27ab485360e886e7') in 0.023767 seconds 
========================================================================
Received Import Request.
  Time since last request: 0.000027 seconds.
  path: Assets/Epoca De Piedra/PNG/environment/layers/sliced-tileset/ground-shadow.png
  artifactKey: Guid(7ba904920a9a7244c961aa7f898e0110) Importer(815301076,1909f56bfc062723c751e8b465ee728b)
Start importing Assets/Epoca De Piedra/PNG/environment/layers/sliced-tileset/ground-shadow.png using Guid(7ba904920a9a7244c961aa7f898e0110) Importer(815301076,1909f56bfc062723c751e8b465ee728b)  -> (artifact id: 'd6ab941840dd9ba0178ee29d158fb1d6') in 0.018373 seconds 
========================================================================
Received Import Request.
  Time since last request: 0.000020 seconds.
  path: Assets/Epoca De Piedra/PNG/environment/layers/sliced-tileset/roof.png
  artifactKey: Guid(edff8bf87427bf5409146b6811ef39cd) Importer(815301076,1909f56bfc062723c751e8b465ee728b)
Start importing Assets/Epoca De Piedra/PNG/environment/layers/sliced-tileset/roof.png using Guid(edff8bf87427bf5409146b6811ef39cd) Importer(815301076,1909f56bfc062723c751e8b465ee728b)  -> (artifact id: 'c44f37e065cd267ef5e8c7ba81bc8100') in 0.019836 seconds 
========================================================================
Received Import Request.
  Time since last request: 0.000031 seconds.
  path: Assets/Epoca De Piedra/PNG/environment/layers/sliced-tileset/shadow.png
  artifactKey: Guid(bb260c36ad2015c41ba3272ffaa71b87) Importer(815301076,1909f56bfc062723c751e8b465ee728b)
Start importing Assets/Epoca De Piedra/PNG/environment/layers/sliced-tileset/shadow.png using Guid(bb260c36ad2015c41ba3272ffaa71b87) Importer(815301076,1909f56bfc062723c751e8b465ee728b)  -> (artifact id: '14e9b99c30fc7770891c76298b4b78c8') in 0.015531 seconds 
========================================================================
Received Import Request.
  Time since last request: 1.955488 seconds.
  path: Assets/Epoca De Piedra/PNG/environment/layers/sliced-tileset/slope.png
  artifactKey: Guid(d7a2cf6d02073d6499e14a0be65f3004) Importer(815301076,1909f56bfc062723c751e8b465ee728b)
Start importing Assets/Epoca De Piedra/PNG/environment/layers/sliced-tileset/slope.png using Guid(d7a2cf6d02073d6499e14a0be65f3004) Importer(815301076,1909f56bfc062723c751e8b465ee728b)  -> (artifact id: '30b4564199822c0faff9de77e7d0b21f') in 0.028133 seconds 
========================================================================
Received Import Request.
  Time since last request: 0.000018 seconds.
  path: Assets/Epoca De Piedra/PNG/environment/layers/sliced-tileset/stairs-mirror-right.png
  artifactKey: Guid(6b957f4021fc018438570d5668576251) Importer(815301076,1909f56bfc062723c751e8b465ee728b)
Start importing Assets/Epoca De Piedra/PNG/environment/layers/sliced-tileset/stairs-mirror-right.png using Guid(6b957f4021fc018438570d5668576251) Importer(815301076,1909f56bfc062723c751e8b465ee728b)  -> (artifact id: 'af8c6649e46064dbacfe1a538909bb9f') in 0.018229 seconds 
========================================================================
Received Import Request.
  Time since last request: 0.000020 seconds.
  path: Assets/Epoca De Piedra/PNG/environment/layers/sliced-tileset/stairs-wall-mirror-left.png
  artifactKey: Guid(ea3396bca3be4274f825b12729aceaed) Importer(815301076,1909f56bfc062723c751e8b465ee728b)
Start importing Assets/Epoca De Piedra/PNG/environment/layers/sliced-tileset/stairs-wall-mirror-left.png using Guid(ea3396bca3be4274f825b12729aceaed) Importer(815301076,1909f56bfc062723c751e8b465ee728b)  -> (artifact id: 'e19947cae9fd8aa9bf0b3db34de472d4') in 0.019803 seconds 
========================================================================
Received Import Request.
  Time since last request: 0.078653 seconds.
  path: Assets/Epoca De Piedra/PNG/environment/layers/sliced-tileset/stairs-wall-right.png
  artifactKey: Guid(c22d62a8936eab447a4b18145a002d1c) Importer(815301076,1909f56bfc062723c751e8b465ee728b)
Start importing Assets/Epoca De Piedra/PNG/environment/layers/sliced-tileset/stairs-wall-right.png using Guid(c22d62a8936eab447a4b18145a002d1c) Importer(815301076,1909f56bfc062723c751e8b465ee728b)  -> (artifact id: '32d1f7b2881aeee90d07bf7e59b7c8e4') in 0.022425 seconds 
========================================================================
Received Import Request.
  Time since last request: 0.000026 seconds.
  path: Assets/Epoca De Piedra/PNG/environment/layers/sliced-tileset/wall.png
  artifactKey: Guid(b6e55148714e42d448980ea5448ac65b) Importer(815301076,1909f56bfc062723c751e8b465ee728b)
Start importing Assets/Epoca De Piedra/PNG/environment/layers/sliced-tileset/wall.png using Guid(b6e55148714e42d448980ea5448ac65b) Importer(815301076,1909f56bfc062723c751e8b465ee728b)  -> (artifact id: '5ad0073a5004dd6f2939eaf8bf68c614') in 0.022740 seconds 
========================================================================
Received Import Request.
  Time since last request: 0.000018 seconds.
  path: Assets/Epoca De Piedra/PNG/environment/layers/sliced-tileset/window-bars.png
  artifactKey: Guid(1ca8aa782ca24c94abf069eb3cd40f61) Importer(815301076,1909f56bfc062723c751e8b465ee728b)
Start importing Assets/Epoca De Piedra/PNG/environment/layers/sliced-tileset/window-bars.png using Guid(1ca8aa782ca24c94abf069eb3cd40f61) Importer(815301076,1909f56bfc062723c751e8b465ee728b)  -> (artifact id: '1fed8455f7ceddffdf41dab854bf771b') in 0.023573 seconds 
========================================================================
Received Import Request.
  Time since last request: 0.023956 seconds.
  path: Assets/Epoca De Piedra/PNG/environment/layers/sliced-tileset/wood-legs.png
  artifactKey: Guid(d20e7e203c5aa9e4188d267b992e4e51) Importer(815301076,1909f56bfc062723c751e8b465ee728b)
Start importing Assets/Epoca De Piedra/PNG/environment/layers/sliced-tileset/wood-legs.png using Guid(d20e7e203c5aa9e4188d267b992e4e51) Importer(815301076,1909f56bfc062723c751e8b465ee728b)  -> (artifact id: '6a5ca0faef9b4001d81a42a1f753bd96') in 0.018418 seconds 
========================================================================
Received Import Request.
  Time since last request: 28.371474 seconds.
  path: Assets/Epoca De Piedra/PNG/environment/props
  artifactKey: Guid(19b56bad743c94f42907402e2639a4b7) Importer(815301076,1909f56bfc062723c751e8b465ee728b)
Start importing Assets/Epoca De Piedra/PNG/environment/props using Guid(19b56bad743c94f42907402e2639a4b7) Importer(815301076,1909f56bfc062723c751e8b465ee728b)  -> (artifact id: '9c395685e70b678c119206f9eaa3dd54') in 0.009203 seconds 
========================================================================
Received Import Request.
  Time since last request: 0.136419 seconds.
  path: Assets/Epoca De Piedra/PNG/environment/props/houses.png
  artifactKey: Guid(daeb24461facb734dbfe37da1aa93de7) Importer(815301076,1909f56bfc062723c751e8b465ee728b)
Start importing Assets/Epoca De Piedra/PNG/environment/props/houses.png using Guid(daeb24461facb734dbfe37da1aa93de7) Importer(815301076,1909f56bfc062723c751e8b465ee728b)  -> (artifact id: 'f3007e02d60f018b7eb5070ec1cbd49a') in 0.047032 seconds 
========================================================================
Received Import Request.
  Time since last request: 2.490425 seconds.
  path: Assets/Epoca De Piedra/PNG/environment/props-sliced
  artifactKey: Guid(d7149405dd8ee1f4cad53de3043cabc2) Importer(815301076,1909f56bfc062723c751e8b465ee728b)
Start importing Assets/Epoca De Piedra/PNG/environment/props-sliced using Guid(d7149405dd8ee1f4cad53de3043cabc2) Importer(815301076,1909f56bfc062723c751e8b465ee728b)  -> (artifact id: '6290fd183d997c318ce94582c2a20aa4') in 0.007554 seconds 
========================================================================
Received Import Request.
  Time since last request: 0.138814 seconds.
  path: Assets/Epoca De Piedra/PNG/environment/props-sliced/barrel.png
  artifactKey: Guid(b6dbfc1f90ee65e43948dfc15abaf799) Importer(815301076,1909f56bfc062723c751e8b465ee728b)
Start importing Assets/Epoca De Piedra/PNG/environment/props-sliced/barrel.png using Guid(b6dbfc1f90ee65e43948dfc15abaf799) Importer(815301076,1909f56bfc062723c751e8b465ee728b)  -> (artifact id: 'bcc0ec22fea9b4dac50281eec87c86cd') in 0.026031 seconds 
========================================================================
Received Import Request.
  Time since last request: 0.000027 seconds.
  path: Assets/Epoca De Piedra/PNG/environment/props-sliced/well.png
  artifactKey: Guid(ca50c18658e28ed449fbd3a50f1ec32c) Importer(815301076,1909f56bfc062723c751e8b465ee728b)
Start importing Assets/Epoca De Piedra/PNG/environment/props-sliced/well.png using Guid(ca50c18658e28ed449fbd3a50f1ec32c) Importer(815301076,1909f56bfc062723c751e8b465ee728b)  -> (artifact id: '2ffdcf26307103267ec85c930abbfe5c') in 0.023768 seconds 
========================================================================
Received Import Request.
  Time since last request: 0.000044 seconds.
  path: Assets/Epoca De Piedra/PNG/environment/props-sliced/house-a.png
  artifactKey: Guid(d3b84d36e1ee2394687baf2eadbf9388) Importer(815301076,1909f56bfc062723c751e8b465ee728b)
Start importing Assets/Epoca De Piedra/PNG/environment/props-sliced/house-a.png using Guid(d3b84d36e1ee2394687baf2eadbf9388) Importer(815301076,1909f56bfc062723c751e8b465ee728b)  -> (artifact id: '67031928a73c80a7115231b6796d0ba4') in 0.031325 seconds 
========================================================================
Received Import Request.
  Time since last request: 0.000037 seconds.
  path: Assets/Epoca De Piedra/PNG/environment/props-sliced/wagon.png
  artifactKey: Guid(9693d569badd1c44bb5d52bf65957882) Importer(815301076,1909f56bfc062723c751e8b465ee728b)
Start importing Assets/Epoca De Piedra/PNG/environment/props-sliced/wagon.png using Guid(9693d569badd1c44bb5d52bf65957882) Importer(815301076,1909f56bfc062723c751e8b465ee728b)  -> (artifact id: 'cc2bddcdf5cd7312f2178bf018824df5') in 0.017878 seconds 
========================================================================
Received Import Request.
  Time since last request: 47.271612 seconds.
  path: Assets/Epoca De Piedra/PNG/environment/layers/tileset.png
  artifactKey: Guid(ea6b9ecfc86f61e41a2b52662af0027c) Importer(815301076,1909f56bfc062723c751e8b465ee728b)
Start importing Assets/Epoca De Piedra/PNG/environment/layers/tileset.png using Guid(ea6b9ecfc86f61e41a2b52662af0027c) Importer(815301076,1909f56bfc062723c751e8b465ee728b)  -> (artifact id: '496e501e4fc0a8d644d55a05f00894f6') in 0.038658 seconds 
========================================================================
Received Import Request.
  Time since last request: 93.572970 seconds.
  path: Assets/Epoca De Piedra/PNG/environment/layers/tileset.png
  artifactKey: Guid(ea6b9ecfc86f61e41a2b52662af0027c) Importer(815301076,1909f56bfc062723c751e8b465ee728b)
Start importing Assets/Epoca De Piedra/PNG/environment/layers/tileset.png using Guid(ea6b9ecfc86f61e41a2b52662af0027c) Importer(815301076,1909f56bfc062723c751e8b465ee728b)  -> (artifact id: 'b6baba8a69d57799ab2fba59a57b19cd') in 0.078769 seconds 
========================================================================
Received Import Request.
  Time since last request: 92.772536 seconds.
  path: Assets/Epoca De Piedra/PNG/environment/props/houses.png
  artifactKey: Guid(daeb24461facb734dbfe37da1aa93de7) Importer(815301076,1909f56bfc062723c751e8b465ee728b)
Start importing Assets/Epoca De Piedra/PNG/environment/props/houses.png using Guid(daeb24461facb734dbfe37da1aa93de7) Importer(815301076,1909f56bfc062723c751e8b465ee728b)  -> (artifact id: '145d72475d244095c041acab19ecd622') in 0.016823 seconds 
========================================================================
Received Import Request.
  Time since last request: 33.784290 seconds.
  path: Assets/Epoca De Piedra/PNG/environment/props/houses.png
  artifactKey: Guid(daeb24461facb734dbfe37da1aa93de7) Importer(815301076,1909f56bfc062723c751e8b465ee728b)
Start importing Assets/Epoca De Piedra/PNG/environment/props/houses.png using Guid(daeb24461facb734dbfe37da1aa93de7) Importer(815301076,1909f56bfc062723c751e8b465ee728b)  -> (artifact id: 'b2e47bf2e6c1a96b62afbb909cd065cd') in 0.038080 seconds 
========================================================================
Received Import Request.
  Time since last request: 30.252528 seconds.
  path: Assets/Epoca De Piedra/PNG/environment/props/props.png
  artifactKey: Guid(6b054934f904df1418f4ee0d2c89297f) Importer(815301076,1909f56bfc062723c751e8b465ee728b)
Start importing Assets/Epoca De Piedra/PNG/environment/props/props.png using Guid(6b054934f904df1418f4ee0d2c89297f) Importer(815301076,1909f56bfc062723c751e8b465ee728b)  -> (artifact id: '6f0782ce067cd44d02a3ededfe98df00') in 0.016199 seconds 
========================================================================
Received Import Request.
  Time since last request: 10.484639 seconds.
  path: Assets/Epoca De Piedra/PNG/environment/props/props.png
  artifactKey: Guid(6b054934f904df1418f4ee0d2c89297f) Importer(815301076,1909f56bfc062723c751e8b465ee728b)
Start importing Assets/Epoca De Piedra/PNG/environment/props/props.png using Guid(6b054934f904df1418f4ee0d2c89297f) Importer(815301076,1909f56bfc062723c751e8b465ee728b)  -> (artifact id: '69e545cf0073ddbec8c4cb64c04f40e4') in 0.030238 seconds 
========================================================================
Received Import Request.
  Time since last request: 16.960501 seconds.
  path: Assets/Epoca De Piedra/PNG/title-screen
  artifactKey: Guid(32a228e5c693e8441a1b060dacc9fa52) Importer(815301076,1909f56bfc062723c751e8b465ee728b)
Start importing Assets/Epoca De Piedra/PNG/title-screen using Guid(32a228e5c693e8441a1b060dacc9fa52) Importer(815301076,1909f56bfc062723c751e8b465ee728b)  -> (artifact id: '375f3676a3c030fa4906915003eb65f8') in 0.008607 seconds 
========================================================================
Received Import Request.
  Time since last request: 0.116724 seconds.
  path: Assets/Epoca De Piedra/PNG/title-screen/credits-text.png
  artifactKey: Guid(1237b73a131e8174ab0aaa39b0b409b6) Importer(815301076,1909f56bfc062723c751e8b465ee728b)
Start importing Assets/Epoca De Piedra/PNG/title-screen/credits-text.png using Guid(1237b73a131e8174ab0aaa39b0b409b6) Importer(815301076,1909f56bfc062723c751e8b465ee728b)  -> (artifact id: 'adcf8b71e43cf71980349f512d0f399e') in 0.028553 seconds 
========================================================================
Received Import Request.
  Time since last request: 0.000028 seconds.
  path: Assets/Epoca De Piedra/PNG/title-screen/press-enter-text.png
  artifactKey: Guid(a4cb8809eb3b1c2439aac5610bb7ac6b) Importer(815301076,1909f56bfc062723c751e8b465ee728b)
Start importing Assets/Epoca De Piedra/PNG/title-screen/press-enter-text.png using Guid(a4cb8809eb3b1c2439aac5610bb7ac6b) Importer(815301076,1909f56bfc062723c751e8b465ee728b)  -> (artifact id: '83d94da23f76e1527a13018f213990ad') in 0.018878 seconds 
========================================================================
Received Import Request.
  Time since last request: 53.191412 seconds.
  path: Assets/Epoca De Piedra/PNG/spritesheets/bearded-idle.png
  artifactKey: Guid(f3448bd3feab7254ca0bf5084be9e60a) Importer(815301076,1909f56bfc062723c751e8b465ee728b)
Start importing Assets/Epoca De Piedra/PNG/spritesheets/bearded-idle.png using Guid(f3448bd3feab7254ca0bf5084be9e60a) Importer(815301076,1909f56bfc062723c751e8b465ee728b)  -> (artifact id: 'cfa4edd018a861392d23af1a61ad0c6f') in 0.013304 seconds 
========================================================================
Received Import Request.
  Time since last request: 18.664695 seconds.
  path: Assets/Epoca De Piedra/PNG/spritesheets/bearded-idle.png
  artifactKey: Guid(f3448bd3feab7254ca0bf5084be9e60a) Importer(815301076,1909f56bfc062723c751e8b465ee728b)
Start importing Assets/Epoca De Piedra/PNG/spritesheets/bearded-idle.png using Guid(f3448bd3feab7254ca0bf5084be9e60a) Importer(815301076,1909f56bfc062723c751e8b465ee728b)  -> (artifact id: 'bf6a1f35e8272b2a1ceef4038dbbb7df') in 0.026691 seconds 
========================================================================
Received Import Request.
  Time since last request: 15.523706 seconds.
  path: Assets/Epoca De Piedra/PNG/spritesheets/bearded-walk.png
  artifactKey: Guid(fc2a0d3205317be4a8a108be602e0326) Importer(815301076,1909f56bfc062723c751e8b465ee728b)
Start importing Assets/Epoca De Piedra/PNG/spritesheets/bearded-walk.png using Guid(fc2a0d3205317be4a8a108be602e0326) Importer(815301076,1909f56bfc062723c751e8b465ee728b)  -> (artifact id: 'db3e9a842b1aa81ab807737f3710c3e5') in 0.017939 seconds 
========================================================================
Received Import Request.
  Time since last request: 4.621389 seconds.
  path: Assets/Epoca De Piedra/PNG/spritesheets/bearded-walk.png
  artifactKey: Guid(fc2a0d3205317be4a8a108be602e0326) Importer(815301076,1909f56bfc062723c751e8b465ee728b)
Start importing Assets/Epoca De Piedra/PNG/spritesheets/bearded-walk.png using Guid(fc2a0d3205317be4a8a108be602e0326) Importer(815301076,1909f56bfc062723c751e8b465ee728b)  -> (artifact id: '78c2ad922c371217894ada4227c69820') in 0.036283 seconds 
========================================================================
Received Import Request.
  Time since last request: 21.539684 seconds.
  path: Assets/Epoca De Piedra/PNG/spritesheets/hat-man-idle.png
  artifactKey: Guid(15e08c86e38885041b800f867ea29e0a) Importer(815301076,1909f56bfc062723c751e8b465ee728b)
Start importing Assets/Epoca De Piedra/PNG/spritesheets/hat-man-idle.png using Guid(15e08c86e38885041b800f867ea29e0a) Importer(815301076,1909f56bfc062723c751e8b465ee728b)  -> (artifact id: '551fe1c8a64ddd2f56f48afcf0f75cda') in 0.015093 seconds 
========================================================================
Received Import Request.
  Time since last request: 5.442068 seconds.
  path: Assets/Epoca De Piedra/PNG/spritesheets/hat-man-idle.png
  artifactKey: Guid(15e08c86e38885041b800f867ea29e0a) Importer(815301076,1909f56bfc062723c751e8b465ee728b)
Start importing Assets/Epoca De Piedra/PNG/spritesheets/hat-man-idle.png using Guid(15e08c86e38885041b800f867ea29e0a) Importer(815301076,1909f56bfc062723c751e8b465ee728b)  -> (artifact id: '1373021f570772872fb2f0a504614d07') in 0.021131 seconds 
========================================================================
Received Import Request.
  Time since last request: 15.306250 seconds.
  path: Assets/Epoca De Piedra/PNG/spritesheets/hat-man-walk.png
  artifactKey: Guid(6ec92f6c9c305c7409ac6494c3385d18) Importer(815301076,1909f56bfc062723c751e8b465ee728b)
Start importing Assets/Epoca De Piedra/PNG/spritesheets/hat-man-walk.png using Guid(6ec92f6c9c305c7409ac6494c3385d18) Importer(815301076,1909f56bfc062723c751e8b465ee728b)  -> (artifact id: '4d27dcd8af3ae5bb3e763499146222f0') in 0.013957 seconds 
========================================================================
Received Import Request.
  Time since last request: 8.789795 seconds.
  path: Assets/Epoca De Piedra/PNG/spritesheets/hat-man-walk.png
  artifactKey: Guid(6ec92f6c9c305c7409ac6494c3385d18) Importer(815301076,1909f56bfc062723c751e8b465ee728b)
Start importing Assets/Epoca De Piedra/PNG/spritesheets/hat-man-walk.png using Guid(6ec92f6c9c305c7409ac6494c3385d18) Importer(815301076,1909f56bfc062723c751e8b465ee728b)  -> (artifact id: '8c4a63b52917155aa3e0b8b62280c9a4') in 0.032592 seconds 
========================================================================
Received Import Request.
  Time since last request: 20.584377 seconds.
  path: Assets/Epoca De Piedra/PNG/spritesheets/oldman-idle.png
  artifactKey: Guid(9342743d739ab46419842a41cd7fec84) Importer(815301076,1909f56bfc062723c751e8b465ee728b)
Start importing Assets/Epoca De Piedra/PNG/spritesheets/oldman-idle.png using Guid(9342743d739ab46419842a41cd7fec84) Importer(815301076,1909f56bfc062723c751e8b465ee728b)  -> (artifact id: 'db451ada95f22cafe3707de852c20ccb') in 0.013617 seconds 
========================================================================
Received Import Request.
  Time since last request: 12.257340 seconds.
  path: Assets/Epoca De Piedra/PNG/spritesheets/oldman-idle.png
  artifactKey: Guid(9342743d739ab46419842a41cd7fec84) Importer(815301076,1909f56bfc062723c751e8b465ee728b)
Start importing Assets/Epoca De Piedra/PNG/spritesheets/oldman-idle.png using Guid(9342743d739ab46419842a41cd7fec84) Importer(815301076,1909f56bfc062723c751e8b465ee728b)  -> (artifact id: '81d575820f39372c57fb96e3d7a57227') in 0.039236 seconds 
========================================================================
Received Import Request.
  Time since last request: 26.160855 seconds.
  path: Assets/Epoca De Piedra/PNG/spritesheets/oldman-walk.png
  artifactKey: Guid(bd6236cb44bcdbe4284f01d833140366) Importer(815301076,1909f56bfc062723c751e8b465ee728b)
Start importing Assets/Epoca De Piedra/PNG/spritesheets/oldman-walk.png using Guid(bd6236cb44bcdbe4284f01d833140366) Importer(815301076,1909f56bfc062723c751e8b465ee728b)  -> (artifact id: 'b1e5e61b9ed1527ee8eec6b92d1af079') in 0.015196 seconds 
========================================================================
Received Import Request.
  Time since last request: 6.309672 seconds.
  path: Assets/Epoca De Piedra/PNG/spritesheets/oldman-walk.png
  artifactKey: Guid(bd6236cb44bcdbe4284f01d833140366) Importer(815301076,1909f56bfc062723c751e8b465ee728b)
Start importing Assets/Epoca De Piedra/PNG/spritesheets/oldman-walk.png using Guid(bd6236cb44bcdbe4284f01d833140366) Importer(815301076,1909f56bfc062723c751e8b465ee728b)  -> (artifact id: '9654ea3eb89f1e558462595247bcb7cd') in 0.045375 seconds 
========================================================================
Received Import Request.
  Time since last request: 8.686307 seconds.
  path: Assets/Epoca De Piedra/PNG/spritesheets/woman-idle.png
  artifactKey: Guid(0e4c8be110b14de4c800550e4fb3b1a2) Importer(815301076,1909f56bfc062723c751e8b465ee728b)
Start importing Assets/Epoca De Piedra/PNG/spritesheets/woman-idle.png using Guid(0e4c8be110b14de4c800550e4fb3b1a2) Importer(815301076,1909f56bfc062723c751e8b465ee728b)  -> (artifact id: 'f2c6ce70d8e310920360e465690242af') in 0.015049 seconds 
========================================================================
Received Import Request.
  Time since last request: 5.607060 seconds.
  path: Assets/Epoca De Piedra/PNG/spritesheets/woman-idle.png
  artifactKey: Guid(0e4c8be110b14de4c800550e4fb3b1a2) Importer(815301076,1909f56bfc062723c751e8b465ee728b)
Start importing Assets/Epoca De Piedra/PNG/spritesheets/woman-idle.png using Guid(0e4c8be110b14de4c800550e4fb3b1a2) Importer(815301076,1909f56bfc062723c751e8b465ee728b)  -> (artifact id: '3777d0d56c6ea19fbbd79d4217b8843d') in 0.030702 seconds 
========================================================================
Received Import Request.
  Time since last request: 7.397611 seconds.
  path: Assets/Epoca De Piedra/PNG/spritesheets/woman-walk.png
  artifactKey: Guid(6a78bfa6b6cfc1f46a12959a960d80bc) Importer(815301076,1909f56bfc062723c751e8b465ee728b)
Start importing Assets/Epoca De Piedra/PNG/spritesheets/woman-walk.png using Guid(6a78bfa6b6cfc1f46a12959a960d80bc) Importer(815301076,1909f56bfc062723c751e8b465ee728b)  -> (artifact id: 'f6baa9583eba7711c7d2074d77b58723') in 0.013146 seconds 
========================================================================
Received Import Request.
  Time since last request: 5.109596 seconds.
  path: Assets/Epoca De Piedra/PNG/spritesheets/woman-walk.png
  artifactKey: Guid(6a78bfa6b6cfc1f46a12959a960d80bc) Importer(815301076,1909f56bfc062723c751e8b465ee728b)
Start importing Assets/Epoca De Piedra/PNG/spritesheets/woman-walk.png using Guid(6a78bfa6b6cfc1f46a12959a960d80bc) Importer(815301076,1909f56bfc062723c751e8b465ee728b)  -> (artifact id: '1458b59a48d72cc70a496d567cd52c2e') in 0.032652 seconds 
========================================================================
Received Import Request.
  Time since last request: 9.622219 seconds.
  path: Assets/Epoca De Piedra/PNG/sprites/bearded-idle
  artifactKey: Guid(01a5127be87010a4eacddcec08238243) Importer(815301076,1909f56bfc062723c751e8b465ee728b)
Start importing Assets/Epoca De Piedra/PNG/sprites/bearded-idle using Guid(01a5127be87010a4eacddcec08238243) Importer(815301076,1909f56bfc062723c751e8b465ee728b)  -> (artifact id: 'f8849ca0cf109a912e96dd5ce52b00eb') in 0.003169 seconds 
========================================================================
Received Import Request.
  Time since last request: 0.120717 seconds.
  path: Assets/Epoca De Piedra/PNG/sprites/bearded-idle/bearded-idle-1.png
  artifactKey: Guid(cee175f8a41ba5b4d84408b77fa5fd62) Importer(815301076,1909f56bfc062723c751e8b465ee728b)
Start importing Assets/Epoca De Piedra/PNG/sprites/bearded-idle/bearded-idle-1.png using Guid(cee175f8a41ba5b4d84408b77fa5fd62) Importer(815301076,1909f56bfc062723c751e8b465ee728b)  -> (artifact id: '930ca03e1827f22327368ed391d56958') in 0.024300 seconds 
========================================================================
Received Import Request.
  Time since last request: 0.000034 seconds.
  path: Assets/Epoca De Piedra/PNG/sprites/bearded-idle/bearded-idle-3.png
  artifactKey: Guid(eba265c9b01dde446b184c01d6d8c13f) Importer(815301076,1909f56bfc062723c751e8b465ee728b)
Start importing Assets/Epoca De Piedra/PNG/sprites/bearded-idle/bearded-idle-3.png using Guid(eba265c9b01dde446b184c01d6d8c13f) Importer(815301076,1909f56bfc062723c751e8b465ee728b)  -> (artifact id: '85f27c4ca5ae6bb35b09666bdea49b33') in 0.021863 seconds 
========================================================================
Received Import Request.
  Time since last request: 0.000031 seconds.
  path: Assets/Epoca De Piedra/PNG/sprites/bearded-idle/bearded-idle-4.png
  artifactKey: Guid(d7054d2556c90a74595cba0ae219954e) Importer(815301076,1909f56bfc062723c751e8b465ee728b)
Start importing Assets/Epoca De Piedra/PNG/sprites/bearded-idle/bearded-idle-4.png using Guid(d7054d2556c90a74595cba0ae219954e) Importer(815301076,1909f56bfc062723c751e8b465ee728b)  -> (artifact id: 'ad33282f582d5ace5ee1773fdcb31153') in 0.021358 seconds 
========================================================================
Received Import Request.
  Time since last request: 68.774783 seconds.
  path: Assets/Epoca Industrial/Sprites/buildings.png
  artifactKey: Guid(96a12f9e7de87bf47a38856e51be8eef) Importer(815301076,1909f56bfc062723c751e8b465ee728b)
Start importing Assets/Epoca Industrial/Sprites/buildings.png using Guid(96a12f9e7de87bf47a38856e51be8eef) Importer(815301076,1909f56bfc062723c751e8b465ee728b)  -> (artifact id: '3118d7a62afb6bb3300988d0f182e85f') in 0.037440 seconds 
========================================================================
Received Import Request.
  Time since last request: 0.000021 seconds.
  path: Assets/Epoca Industrial/Sprites/far-buildings.png
  artifactKey: Guid(098b12e9e4f90be4fb9b6f8bd1236a9f) Importer(815301076,1909f56bfc062723c751e8b465ee728b)
Start importing Assets/Epoca Industrial/Sprites/far-buildings.png using Guid(098b12e9e4f90be4fb9b6f8bd1236a9f) Importer(815301076,1909f56bfc062723c751e8b465ee728b)  -> (artifact id: '5a0c54c82201a4cb2f6018c89085841f') in 0.025166 seconds 
========================================================================
Received Import Request.
  Time since last request: 31.887424 seconds.
  path: Assets/Epoca Industrial/Industrial Theme Music/industrial.ogg
  artifactKey: Guid(a1c8f6dda9390c34dbf8b20a07e36010) Importer(815301076,1909f56bfc062723c751e8b465ee728b)
Start importing Assets/Epoca Industrial/Industrial Theme Music/industrial.ogg using Guid(a1c8f6dda9390c34dbf8b20a07e36010) Importer(815301076,1909f56bfc062723c751e8b465ee728b)  -> (artifact id: '75b94f8c24bdf47b38536a3acb07f346') in 0.076181 seconds 
========================================================================
Received Import Request.
  Time since last request: 208.307314 seconds.
  path: Assets/Epoca De Piedra/Music/rpg_village02_loop.mp3
  artifactKey: Guid(e4ec7f2013b85c84dad88415c4cebce3) Importer(815301076,1909f56bfc062723c751e8b465ee728b)
Start importing Assets/Epoca De Piedra/Music/rpg_village02_loop.mp3 using Guid(e4ec7f2013b85c84dad88415c4cebce3) Importer(815301076,1909f56bfc062723c751e8b465ee728b)  -> (artifact id: '90b54b96d500c3e5028a9bad2180b8a6') in 0.020827 seconds 
========================================================================
Received Import Request.
  Time since last request: 126.067204 seconds.
  path: Assets/Epoca De Hierro/Personajes/knight/Attack 2.png
  artifactKey: Guid(955db2085987ee841bf6846404145cce) Importer(815301076,1909f56bfc062723c751e8b465ee728b)
Start importing Assets/Epoca De Hierro/Personajes/knight/Attack 2.png using Guid(955db2085987ee841bf6846404145cce) Importer(815301076,1909f56bfc062723c751e8b465ee728b)  -> (artifact id: '13eaa45678d39d9783fb8f59a8deb0d4') in 0.046055 seconds 
========================================================================
Received Import Request.
  Time since last request: 0.000032 seconds.
  path: Assets/Epoca De Hierro/Personajes/knight/Walk.png
  artifactKey: Guid(4950ad544b694ce48bc6adcedb477c8d) Importer(815301076,1909f56bfc062723c751e8b465ee728b)
Start importing Assets/Epoca De Hierro/Personajes/knight/Walk.png using Guid(4950ad544b694ce48bc6adcedb477c8d) Importer(815301076,1909f56bfc062723c751e8b465ee728b)  -> (artifact id: '6830a880d845de5845705c208b283097') in 0.038271 seconds 
========================================================================
Received Import Request.
  Time since last request: 0.000027 seconds.
  path: Assets/Epoca De Hierro/Personajes/knight/Jump.png
  artifactKey: Guid(bf1440c6c1f63544db34dc10ed80ccec) Importer(815301076,1909f56bfc062723c751e8b465ee728b)
Start importing Assets/Epoca De Hierro/Personajes/knight/Jump.png using Guid(bf1440c6c1f63544db34dc10ed80ccec) Importer(815301076,1909f56bfc062723c751e8b465ee728b)  -> (artifact id: '260e3fc088bcba7ea660d019dd7b37f0') in 0.030491 seconds 
========================================================================
Received Import Request.
  Time since last request: 0.000032 seconds.
  path: Assets/Epoca De Hierro/Personajes/knight/Run.png
  artifactKey: Guid(27855cbae9d0c1f4aab85bdb1ad364b7) Importer(815301076,1909f56bfc062723c751e8b465ee728b)
Start importing Assets/Epoca De Hierro/Personajes/knight/Run.png using Guid(27855cbae9d0c1f4aab85bdb1ad364b7) Importer(815301076,1909f56bfc062723c751e8b465ee728b)  -> (artifact id: 'b479730b0aa236430f4c67bb5dcb7772') in 0.032668 seconds 
========================================================================
Received Import Request.
  Time since last request: 0.000023 seconds.
  path: Assets/Epoca De Hierro/Personajes/knight/Hurt.png
  artifactKey: Guid(8408b6922c7d64b4eb5a217a853609ef) Importer(815301076,1909f56bfc062723c751e8b465ee728b)
Start importing Assets/Epoca De Hierro/Personajes/knight/Hurt.png using Guid(8408b6922c7d64b4eb5a217a853609ef) Importer(815301076,1909f56bfc062723c751e8b465ee728b)  -> (artifact id: '9cf9c0b78fe66c41689b83e3069c57cd') in 0.024510 seconds 
========================================================================
Received Import Request.
  Time since last request: 0.000040 seconds.
  path: Assets/Epoca De Hierro/Personajes/knight/Run+Attack.png
  artifactKey: Guid(6f89b52319b8a394bb6c8ea3122ac56c) Importer(815301076,1909f56bfc062723c751e8b465ee728b)
Start importing Assets/Epoca De Hierro/Personajes/knight/Run+Attack.png using Guid(6f89b52319b8a394bb6c8ea3122ac56c) Importer(815301076,1909f56bfc062723c751e8b465ee728b)  -> (artifact id: '8a5ae66c88d35c8fb8aaaf843881c070') in 0.029195 seconds 
Editor requested this worker to shutdown with reason: Scaling down because of idle timeout
AssetImportWorker is now disconnected from the server
Process exiting
Exiting without the bug reporter. Application will terminate with return code 0