Using pre-set license
Built from '2021.3/staging' branch; Version is '2021.3.24f1 (cf10dcf7010d) revision 13570268'; Using compiler version '192829333'; Build Type 'Release'
OS: 'Windows 11  (10.0.22621) 64bit Core' Language: 'en' Physical Memory: 16085 MB
BatchMode: 1, IsHumanControllingUs: 0, StartBugReporterOnCrash: 0, Is64bit: 1, IsPro: 1

COMMAND LINE ARGUMENTS:
C:\Program Files\Unity\Hub\Editor\2021.3.24f1\Editor\Unity.exe
-adb2
-batchMode
-noUpm
-name
AssetImportWorker1
-projectPath
C:/Users/Kendry/Project Yudivian
-logFile
Logs/AssetImportWorker1.log
-srvPort
63907
Successfully changed project path to: C:/Users/Kendry/Project Yudivian
C:/Users/Kendry/Project Yudivian
[UnityMemory] Configuration Parameters - Can be set up in boot.config
    "memorysetup-bucket-allocator-granularity=16"
    "memorysetup-bucket-allocator-bucket-count=8"
    "memorysetup-bucket-allocator-block-size=33554432"
    "memorysetup-bucket-allocator-block-count=8"
    "memorysetup-main-allocator-block-size=16777216"
    "memorysetup-thread-allocator-block-size=16777216"
    "memorysetup-gfx-main-allocator-block-size=16777216"
    "memorysetup-gfx-thread-allocator-block-size=16777216"
    "memorysetup-cache-allocator-block-size=4194304"
    "memorysetup-typetree-allocator-block-size=2097152"
    "memorysetup-profiler-bucket-allocator-granularity=16"
    "memorysetup-profiler-bucket-allocator-bucket-count=8"
    "memorysetup-profiler-bucket-allocator-block-size=33554432"
    "memorysetup-profiler-bucket-allocator-block-count=8"
    "memorysetup-profiler-allocator-block-size=16777216"
    "memorysetup-profiler-editor-allocator-block-size=1048576"
    "memorysetup-temp-allocator-size-main=16777216"
    "memorysetup-job-temp-allocator-block-size=2097152"
    "memorysetup-job-temp-allocator-block-size-background=1048576"
    "memorysetup-job-temp-allocator-reduction-small-platforms=262144"
    "memorysetup-temp-allocator-size-background-worker=32768"
    "memorysetup-temp-allocator-size-job-worker=262144"
    "memorysetup-temp-allocator-size-preload-manager=33554432"
    "memorysetup-temp-allocator-size-nav-mesh-worker=65536"
    "memorysetup-temp-allocator-size-audio-worker=65536"
    "memorysetup-temp-allocator-size-cloud-worker=32768"
    "memorysetup-temp-allocator-size-gi-baking-worker=262144"
    "memorysetup-temp-allocator-size-gfx=262144"
Player connection [26932] Host "[IP] 10.32.32.3 [Port] 0 [Flags] 2 [Guid] 1137251610 [EditorId] 1137251610 [Version] 1048832 [Id] WindowsEditor(7,MSI) [Debug] 1 [PackageName] WindowsEditor [ProjectName] Editor" joined multi-casting on [225.0.0.222:54997]...

Player connection [26932] Host "[IP] 10.32.32.3 [Port] 0 [Flags] 2 [Guid] 1137251610 [EditorId] 1137251610 [Version] 1048832 [Id] WindowsEditor(7,MSI) [Debug] 1 [PackageName] WindowsEditor [ProjectName] Editor" joined alternative multi-casting on [225.0.0.222:34997]...

Refreshing native plugins compatible for Editor in 89.18 ms, found 4 plugins.
Preloading 0 native plugins for Editor in 0.00 ms.
Initialize engine version: 2021.3.24f1 (cf10dcf7010d)
[Subsystems] Discovering subsystems at path C:/Program Files/Unity/Hub/Editor/2021.3.24f1/Editor/Data/Resources/UnitySubsystems
[Subsystems] Discovering subsystems at path C:/Users/Kendry/Project Yudivian/Assets
GfxDevice: creating device client; threaded=0; jobified=0
Direct3D:
    Version:  Direct3D 11.0 [level 11.1]
    Renderer: NVIDIA GeForce GTX 1650 with Max-Q Design (ID=0x1f9d)
    Vendor:   NVIDIA
    VRAM:     3952 MB
    Driver:   31.0.15.3129
Initialize mono
Mono path[0] = 'C:/Program Files/Unity/Hub/Editor/2021.3.24f1/Editor/Data/Managed'
Mono path[1] = 'C:/Program Files/Unity/Hub/Editor/2021.3.24f1/Editor/Data/MonoBleedingEdge/lib/mono/unityjit-win32'
Mono config path = 'C:/Program Files/Unity/Hub/Editor/2021.3.24f1/Editor/Data/MonoBleedingEdge/etc'
Using monoOptions --debugger-agent=transport=dt_socket,embedding=1,server=y,suspend=n,address=127.0.0.1:56616
Begin MonoManager ReloadAssembly
Registering precompiled unity dll's ...
Register platform support module: C:/Program Files/Unity/Hub/Editor/2021.3.24f1/Editor/Data/PlaybackEngines/WindowsStandaloneSupport/UnityEditor.WindowsStandalone.Extensions.dll
Registered in 0.004289 seconds.
Native extension for WindowsStandalone target not found
Refreshing native plugins compatible for Editor in 94.89 ms, found 4 plugins.
Preloading 0 native plugins for Editor in 0.00 ms.
Mono: successfully reloaded assembly
- Completed reload, in  0.713 seconds
Domain Reload Profiling:
	ReloadAssembly (714ms)
		BeginReloadAssembly (85ms)
			ExecutionOrderSort (0ms)
			DisableScriptedObjects (0ms)
			BackupInstance (0ms)
			ReleaseScriptingObjects (0ms)
			CreateAndSetChildDomain (1ms)
		EndReloadAssembly (517ms)
			LoadAssemblies (85ms)
			RebuildTransferFunctionScriptingTraits (0ms)
			SetupTypeCache (121ms)
			ReleaseScriptCaches (0ms)
			RebuildScriptCaches (36ms)
			SetupLoadedEditorAssemblies (305ms)
				LogAssemblyErrors (0ms)
				InitializePlatformSupportModulesInManaged (13ms)
				SetLoadedEditorAssemblies (0ms)
				RefreshPlugins (95ms)
				BeforeProcessingInitializeOnLoad (1ms)
				ProcessInitializeOnLoadAttributes (146ms)
				ProcessInitializeOnLoadMethodAttributes (49ms)
				AfterProcessingInitializeOnLoad (0ms)
				EditorAssembliesLoaded (0ms)
			ExecutionOrderSort2 (0ms)
			AwakeInstancesAfterBackupRestoration (0ms)
Platform modules already initialized, skipping
Registering precompiled user dll's ...
Registered in 0.005195 seconds.
Begin MonoManager ReloadAssembly
Symbol file LoadedFromMemory doesn't match image C:\Users\Kendry\Project Yudivian\Library\PackageCache\com.unity.visualscripting@1.8.0\Editor\VisualScripting.Core\Dependencies\YamlDotNet\Unity.VisualScripting.YamlDotNet.dll
Symbol file LoadedFromMemory doesn't match image C:\Users\Kendry\Project Yudivian\Library\PackageCache\com.unity.visualscripting@1.8.0\Editor\VisualScripting.Core\Dependencies\DotNetZip\Unity.VisualScripting.IonicZip.dll
Native extension for WindowsStandalone target not found
Refreshing native plugins compatible for Editor in 97.11 ms, found 4 plugins.
Preloading 0 native plugins for Editor in 0.00 ms.
Mono: successfully reloaded assembly
- Completed reload, in  1.362 seconds
Domain Reload Profiling:
	ReloadAssembly (1363ms)
		BeginReloadAssembly (133ms)
			ExecutionOrderSort (0ms)
			DisableScriptedObjects (6ms)
			BackupInstance (0ms)
			ReleaseScriptingObjects (0ms)
			CreateAndSetChildDomain (28ms)
		EndReloadAssembly (1113ms)
			LoadAssemblies (109ms)
			RebuildTransferFunctionScriptingTraits (0ms)
			SetupTypeCache (265ms)
			ReleaseScriptCaches (1ms)
			RebuildScriptCaches (91ms)
			SetupLoadedEditorAssemblies (574ms)
				LogAssemblyErrors (0ms)
				InitializePlatformSupportModulesInManaged (6ms)
				SetLoadedEditorAssemblies (0ms)
				RefreshPlugins (97ms)
				BeforeProcessingInitializeOnLoad (136ms)
				ProcessInitializeOnLoadAttributes (270ms)
				ProcessInitializeOnLoadMethodAttributes (47ms)
				AfterProcessingInitializeOnLoad (19ms)
				EditorAssembliesLoaded (0ms)
			ExecutionOrderSort2 (0ms)
			AwakeInstancesAfterBackupRestoration (7ms)
Platform modules already initialized, skipping
========================================================================
Worker process is ready to serve import requests
Launched and connected shader compiler UnityShaderCompiler.exe after 0.07 seconds
Refreshing native plugins compatible for Editor in 1.19 ms, found 4 plugins.
Preloading 0 native plugins for Editor in 0.00 ms.
Unloading 3734 Unused Serialized files (Serialized files now loaded: 0)
Unloading 41 unused Assets / (229.3 KB). Loaded Objects now: 4187.
Memory consumption went from 142.7 MB to 142.5 MB.
Total: 3.223700 ms (FindLiveObjects: 0.344200 ms CreateObjectMapping: 0.137200 ms MarkObjects: 2.543900 ms  DeleteObjects: 0.197200 ms)

AssetImportParameters requested are different than current active one (requested -> active):
  custom:video-decoder-ogg-theora: a1e56fd34408186e4bbccfd4996cb3dc -> 
  custom:container-muxer-webm: aa71ff27fc2769a1b78a27578f13a17b -> 
  custom:container-demuxer-webm: 4f35f7cbe854078d1ac9338744f61a02 -> 
  custom:video-encoder-webm-vp8: eb34c28f22e8b96e1ab97ce403110664 -> 
  custom:audio-encoder-webm-vorbis: bf7c407c2cedff20999df2af8eb42d56 -> 
  custom:framework-win-MediaFoundation: 216162199b28c13a410421893ffa2e32 -> 
  custom:container-demuxer-ogg: 62fdf1f143b41e24485cea50d1cbac27 -> 
  custom:video-decoder-webm-vp8: 9c59270c3fd7afecdb556c50c9e8de78 -> 
  custom:audio-decoder-ogg-vorbis: bf7c407c2cedff20999df2af8eb42d56 -> 
========================================================================
Received Import Request.
  Time since last request: 1127284.643881 seconds.
  path: Assets/Epoca De Piedra/GIF/bearded-walk.gif
  artifactKey: Guid(c2781a737a553b046ac4a1e05e7752ea) Importer(815301076,1909f56bfc062723c751e8b465ee728b)
Start importing Assets/Epoca De Piedra/GIF/bearded-walk.gif using Guid(c2781a737a553b046ac4a1e05e7752ea) Importer(815301076,1909f56bfc062723c751e8b465ee728b)  -> (artifact id: 'e4077a0f60d7ed2c62ed4fe46ed8b6ad') in 0.253682 seconds 
========================================================================
Received Import Request.
  Time since last request: 0.000032 seconds.
  path: Assets/Epoca De Piedra/GIF/oldman-idle.gif
  artifactKey: Guid(558dc63329789064386ae17e317da86c) Importer(815301076,1909f56bfc062723c751e8b465ee728b)
Start importing Assets/Epoca De Piedra/GIF/oldman-idle.gif using Guid(558dc63329789064386ae17e317da86c) Importer(815301076,1909f56bfc062723c751e8b465ee728b)  -> (artifact id: 'e568aca54331718f267d7f50d1bcf771') in 0.025040 seconds 
========================================================================
Received Import Request.
  Time since last request: 0.000036 seconds.
  path: Assets/Epoca De Piedra/GIF/woman-walk.gif
  artifactKey: Guid(cdb0f959b20aba349b161f90b9ee446c) Importer(815301076,1909f56bfc062723c751e8b465ee728b)
Start importing Assets/Epoca De Piedra/GIF/woman-walk.gif using Guid(cdb0f959b20aba349b161f90b9ee446c) Importer(815301076,1909f56bfc062723c751e8b465ee728b)  -> (artifact id: 'ce96c569dfecffe77c0b474ce21e3a38') in 0.019403 seconds 
========================================================================
Received Import Request.
  Time since last request: 0.000029 seconds.
  path: Assets/Epoca De Piedra/GIF/woman-idle.gif
  artifactKey: Guid(9405b07d5b014134aac950a29ca21481) Importer(815301076,1909f56bfc062723c751e8b465ee728b)
Start importing Assets/Epoca De Piedra/GIF/woman-idle.gif using Guid(9405b07d5b014134aac950a29ca21481) Importer(815301076,1909f56bfc062723c751e8b465ee728b)  -> (artifact id: 'c39bcd00711ea77c84c7dae75dd179a4') in 0.020657 seconds 
========================================================================
Received Import Request.
  Time since last request: 203.622164 seconds.
  path: Assets/Epoca De Piedra/PSD/sprites/bearded-walk.psd
  artifactKey: Guid(ef4b994347f7c54458888b00fc1ee9ba) Importer(815301076,1909f56bfc062723c751e8b465ee728b)
Start importing Assets/Epoca De Piedra/PSD/sprites/bearded-walk.psd using Guid(ef4b994347f7c54458888b00fc1ee9ba) Importer(815301076,1909f56bfc062723c751e8b465ee728b)  -> (artifact id: '5401aa24845e81876341a81535407649') in 0.049300 seconds 
========================================================================
Received Import Request.
  Time since last request: 0.000050 seconds.
  path: Assets/Epoca De Piedra/PSD/sprites/hat-man-idle.psd
  artifactKey: Guid(803b632b4189d5b4e855509ffc0acbae) Importer(815301076,1909f56bfc062723c751e8b465ee728b)
Start importing Assets/Epoca De Piedra/PSD/sprites/hat-man-idle.psd using Guid(803b632b4189d5b4e855509ffc0acbae) Importer(815301076,1909f56bfc062723c751e8b465ee728b)  -> (artifact id: '2a0fe19616038941de4cfea997a81d1d') in 0.021715 seconds 
========================================================================
Received Import Request.
  Time since last request: 0.000037 seconds.
  path: Assets/Epoca De Piedra/PSD/sprites/woman-walk.psd
  artifactKey: Guid(919ec1f4b4b6312449e5410057fc10a1) Importer(815301076,1909f56bfc062723c751e8b465ee728b)
Start importing Assets/Epoca De Piedra/PSD/sprites/woman-walk.psd using Guid(919ec1f4b4b6312449e5410057fc10a1) Importer(815301076,1909f56bfc062723c751e8b465ee728b)  -> (artifact id: '110aa58d33e97c12ac3f0edda18f3dfb') in 0.021324 seconds 
========================================================================
Received Import Request.
  Time since last request: 0.000032 seconds.
  path: Assets/Epoca De Piedra/PSD/sprites/oldman-idle.psd
  artifactKey: Guid(2f4d7302c8a13ce4f926041729e2fc56) Importer(815301076,1909f56bfc062723c751e8b465ee728b)
Start importing Assets/Epoca De Piedra/PSD/sprites/oldman-idle.psd using Guid(2f4d7302c8a13ce4f926041729e2fc56) Importer(815301076,1909f56bfc062723c751e8b465ee728b)  -> (artifact id: '6cbc31e8d053c15c2e2fad1f198580bd') in 0.016747 seconds 
========================================================================
Received Import Request.
  Time since last request: 12.203468 seconds.
  path: Assets/Epoca De Piedra/PNG/spritesheets/bearded-walk.png
  artifactKey: Guid(fc2a0d3205317be4a8a108be602e0326) Importer(815301076,1909f56bfc062723c751e8b465ee728b)
Start importing Assets/Epoca De Piedra/PNG/spritesheets/bearded-walk.png using Guid(fc2a0d3205317be4a8a108be602e0326) Importer(815301076,1909f56bfc062723c751e8b465ee728b)  -> (artifact id: '1d0a7620657a27b9965835f62772a205') in 0.024745 seconds 
========================================================================
Received Import Request.
  Time since last request: 0.000039 seconds.
  path: Assets/Epoca De Piedra/PNG/spritesheets/woman-walk.png
  artifactKey: Guid(6a78bfa6b6cfc1f46a12959a960d80bc) Importer(815301076,1909f56bfc062723c751e8b465ee728b)
Start importing Assets/Epoca De Piedra/PNG/spritesheets/woman-walk.png using Guid(6a78bfa6b6cfc1f46a12959a960d80bc) Importer(815301076,1909f56bfc062723c751e8b465ee728b)  -> (artifact id: '665ffa6448fc3cb3c4ac8754eab5b6d9') in 0.018958 seconds 
========================================================================
Received Import Request.
  Time since last request: 0.000028 seconds.
  path: Assets/Epoca De Piedra/PNG/spritesheets/oldman-walk.png
  artifactKey: Guid(bd6236cb44bcdbe4284f01d833140366) Importer(815301076,1909f56bfc062723c751e8b465ee728b)
Start importing Assets/Epoca De Piedra/PNG/spritesheets/oldman-walk.png using Guid(bd6236cb44bcdbe4284f01d833140366) Importer(815301076,1909f56bfc062723c751e8b465ee728b)  -> (artifact id: 'e44b4ce79b31606afcc57d1944a281e2') in 0.023050 seconds 
========================================================================
Received Import Request.
  Time since last request: 0.000029 seconds.
  path: Assets/Epoca De Piedra/PNG/spritesheets/oldman-idle.png
  artifactKey: Guid(9342743d739ab46419842a41cd7fec84) Importer(815301076,1909f56bfc062723c751e8b465ee728b)
Start importing Assets/Epoca De Piedra/PNG/spritesheets/oldman-idle.png using Guid(9342743d739ab46419842a41cd7fec84) Importer(815301076,1909f56bfc062723c751e8b465ee728b)  -> (artifact id: '96660bd63ecee07428b15f881f12f330') in 0.017854 seconds 
========================================================================
Received Import Request.
  Time since last request: 13.392168 seconds.
  path: Assets/Epoca De Piedra/PNG/environment/layers/middleground.png
  artifactKey: Guid(4c3e2152983fe1b44bdb36f47141179c) Importer(815301076,1909f56bfc062723c751e8b465ee728b)
Start importing Assets/Epoca De Piedra/PNG/environment/layers/middleground.png using Guid(4c3e2152983fe1b44bdb36f47141179c) Importer(815301076,1909f56bfc062723c751e8b465ee728b)  -> (artifact id: 'fe5963d8abfc5629455aa7581bec79a3') in 0.041311 seconds 
========================================================================
Received Import Request.
  Time since last request: 12.833892 seconds.
  path: Assets/Epoca De Piedra/PNG/environment/layers/sliced-tileset/ground-corner.png
  artifactKey: Guid(63d7ffd7debe20b4bab8f747493e0d6f) Importer(815301076,1909f56bfc062723c751e8b465ee728b)
Start importing Assets/Epoca De Piedra/PNG/environment/layers/sliced-tileset/ground-corner.png using Guid(63d7ffd7debe20b4bab8f747493e0d6f) Importer(815301076,1909f56bfc062723c751e8b465ee728b)  -> (artifact id: '1f3c39d7bfdb137d5a546d6dfad3c4f4') in 0.031980 seconds 
========================================================================
Received Import Request.
  Time since last request: 0.000026 seconds.
  path: Assets/Epoca De Piedra/PNG/environment/layers/sliced-tileset/left-corner.png
  artifactKey: Guid(4eaa6d17a4cf2cf4d94db027e7de8fa7) Importer(815301076,1909f56bfc062723c751e8b465ee728b)
Start importing Assets/Epoca De Piedra/PNG/environment/layers/sliced-tileset/left-corner.png using Guid(4eaa6d17a4cf2cf4d94db027e7de8fa7) Importer(815301076,1909f56bfc062723c751e8b465ee728b)  -> (artifact id: '82bbf5a29f8542592376ec56dda43abf') in 0.023580 seconds 
========================================================================
Received Import Request.
  Time since last request: 0.000029 seconds.
  path: Assets/Epoca De Piedra/PNG/environment/layers/sliced-tileset/right-corner.png
  artifactKey: Guid(ff81beba1fa74e84d98c8fb6c077616a) Importer(815301076,1909f56bfc062723c751e8b465ee728b)
Start importing Assets/Epoca De Piedra/PNG/environment/layers/sliced-tileset/right-corner.png using Guid(ff81beba1fa74e84d98c8fb6c077616a) Importer(815301076,1909f56bfc062723c751e8b465ee728b)  -> (artifact id: 'a5cdd390da5d7d20e2d8ad6a8581ccd1') in 0.020065 seconds 
========================================================================
Received Import Request.
  Time since last request: 0.000037 seconds.
  path: Assets/Epoca De Piedra/PNG/environment/layers/sliced-tileset/ground-wall.png
  artifactKey: Guid(a4562dd1432bba4459519515f826e849) Importer(815301076,1909f56bfc062723c751e8b465ee728b)
Start importing Assets/Epoca De Piedra/PNG/environment/layers/sliced-tileset/ground-wall.png using Guid(a4562dd1432bba4459519515f826e849) Importer(815301076,1909f56bfc062723c751e8b465ee728b)  -> (artifact id: '0be430b4d4d6db9e6ee0b5d5b3ae6ea3') in 0.019506 seconds 
========================================================================
Received Import Request.
  Time since last request: 0.000036 seconds.
  path: Assets/Epoca De Piedra/PNG/environment/layers/sliced-tileset/left-roof.png
  artifactKey: Guid(9edd92ee751b55d43b84a77ce719e488) Importer(815301076,1909f56bfc062723c751e8b465ee728b)
Start importing Assets/Epoca De Piedra/PNG/environment/layers/sliced-tileset/left-roof.png using Guid(9edd92ee751b55d43b84a77ce719e488) Importer(815301076,1909f56bfc062723c751e8b465ee728b)  -> (artifact id: '314a4b43b75bef5f9c3283f8703134ff') in 0.023243 seconds 
========================================================================
Received Import Request.
  Time since last request: 1.972394 seconds.
  path: Assets/Epoca De Piedra/PNG/environment/layers/sliced-tileset/stairs-left.png
  artifactKey: Guid(1962407fb3393de4999d68e9d5616d48) Importer(815301076,1909f56bfc062723c751e8b465ee728b)
Start importing Assets/Epoca De Piedra/PNG/environment/layers/sliced-tileset/stairs-left.png using Guid(1962407fb3393de4999d68e9d5616d48) Importer(815301076,1909f56bfc062723c751e8b465ee728b)  -> (artifact id: 'ad186e2507e5fa48675eb506a1796033') in 0.029372 seconds 
========================================================================
Received Import Request.
  Time since last request: 0.011942 seconds.
  path: Assets/Epoca De Piedra/PNG/environment/layers/sliced-tileset/stairs-right.png
  artifactKey: Guid(a8b159706748d9547b5d4fec9aeee643) Importer(815301076,1909f56bfc062723c751e8b465ee728b)
Start importing Assets/Epoca De Piedra/PNG/environment/layers/sliced-tileset/stairs-right.png using Guid(a8b159706748d9547b5d4fec9aeee643) Importer(815301076,1909f56bfc062723c751e8b465ee728b)  -> (artifact id: '2b716c2cde4451cc3d75fdc50042e814') in 0.019209 seconds 
========================================================================
Received Import Request.
  Time since last request: 0.000035 seconds.
  path: Assets/Epoca De Piedra/PNG/environment/layers/sliced-tileset/stairs-wall-left.png
  artifactKey: Guid(5afc537c86e1f194ca9776af47114708) Importer(815301076,1909f56bfc062723c751e8b465ee728b)
Start importing Assets/Epoca De Piedra/PNG/environment/layers/sliced-tileset/stairs-wall-left.png using Guid(5afc537c86e1f194ca9776af47114708) Importer(815301076,1909f56bfc062723c751e8b465ee728b)  -> (artifact id: '6095c62ac5c2d5ce1e11ae5cceb56d1a') in 0.019251 seconds 
========================================================================
Received Import Request.
  Time since last request: 0.062640 seconds.
  path: Assets/Epoca De Piedra/PNG/environment/layers/sliced-tileset/stairs-wall.png
  artifactKey: Guid(8671e6ad820a99342a4ffa2419176489) Importer(815301076,1909f56bfc062723c751e8b465ee728b)
Start importing Assets/Epoca De Piedra/PNG/environment/layers/sliced-tileset/stairs-wall.png using Guid(8671e6ad820a99342a4ffa2419176489) Importer(815301076,1909f56bfc062723c751e8b465ee728b)  -> (artifact id: 'fecf82ffb9ecfa95a17fd25a91656f68') in 0.021359 seconds 
========================================================================
Received Import Request.
  Time since last request: 0.000023 seconds.
  path: Assets/Epoca De Piedra/PNG/environment/layers/sliced-tileset/top-left-wood.png
  artifactKey: Guid(1636c2e0587fd794586b4cb1c3acf7d8) Importer(815301076,1909f56bfc062723c751e8b465ee728b)
Start importing Assets/Epoca De Piedra/PNG/environment/layers/sliced-tileset/top-left-wood.png using Guid(1636c2e0587fd794586b4cb1c3acf7d8) Importer(815301076,1909f56bfc062723c751e8b465ee728b)  -> (artifact id: '34082815850e8c80fd2e08e4fc0f2b83') in 0.021731 seconds 
========================================================================
Received Import Request.
  Time since last request: 0.000023 seconds.
  path: Assets/Epoca De Piedra/PNG/environment/layers/sliced-tileset/top-wood.png
  artifactKey: Guid(7b0f7a07a9000d5489063d6c5f1c5004) Importer(815301076,1909f56bfc062723c751e8b465ee728b)
Start importing Assets/Epoca De Piedra/PNG/environment/layers/sliced-tileset/top-wood.png using Guid(7b0f7a07a9000d5489063d6c5f1c5004) Importer(815301076,1909f56bfc062723c751e8b465ee728b)  -> (artifact id: 'b6a8b36fd5d92682cf4b272fe7d4505d') in 0.024606 seconds 
========================================================================
Received Import Request.
  Time since last request: 0.000025 seconds.
  path: Assets/Epoca De Piedra/PNG/environment/layers/sliced-tileset/window.png
  artifactKey: Guid(42e633f85011c534caa72f56319f21db) Importer(815301076,1909f56bfc062723c751e8b465ee728b)
Start importing Assets/Epoca De Piedra/PNG/environment/layers/sliced-tileset/window.png using Guid(42e633f85011c534caa72f56319f21db) Importer(815301076,1909f56bfc062723c751e8b465ee728b)  -> (artifact id: 'bee488c099bf3e3e43721a7d208ea1c7') in 0.016601 seconds 
========================================================================
Received Import Request.
  Time since last request: 28.553064 seconds.
  path: Assets/Epoca De Piedra/PNG/environment/props/props.png
  artifactKey: Guid(6b054934f904df1418f4ee0d2c89297f) Importer(815301076,1909f56bfc062723c751e8b465ee728b)
Start importing Assets/Epoca De Piedra/PNG/environment/props/props.png using Guid(6b054934f904df1418f4ee0d2c89297f) Importer(815301076,1909f56bfc062723c751e8b465ee728b)  -> (artifact id: '0e98528ec965f71075f5067fdfbe1bcd') in 0.027690 seconds 
========================================================================
Received Import Request.
  Time since last request: 2.663769 seconds.
  path: Assets/Epoca De Piedra/PNG/environment/props-sliced/crate-stack.png
  artifactKey: Guid(a70bf7cb096e26447838f9cb0ccf950b) Importer(815301076,1909f56bfc062723c751e8b465ee728b)
Start importing Assets/Epoca De Piedra/PNG/environment/props-sliced/crate-stack.png using Guid(a70bf7cb096e26447838f9cb0ccf950b) Importer(815301076,1909f56bfc062723c751e8b465ee728b)  -> (artifact id: '664ef32a29f68cfdaabbf94e8229192d') in 0.029991 seconds 
========================================================================
Received Import Request.
  Time since last request: 0.000027 seconds.
  path: Assets/Epoca De Piedra/PNG/environment/props-sliced/house-c.png
  artifactKey: Guid(b77f3349096a2bf45b33f70ca6836591) Importer(815301076,1909f56bfc062723c751e8b465ee728b)
Start importing Assets/Epoca De Piedra/PNG/environment/props-sliced/house-c.png using Guid(b77f3349096a2bf45b33f70ca6836591) Importer(815301076,1909f56bfc062723c751e8b465ee728b)  -> (artifact id: '886114286c67e9467f44817ceaedd332') in 0.029980 seconds 
========================================================================
Received Import Request.
  Time since last request: 0.000040 seconds.
  path: Assets/Epoca De Piedra/PNG/environment/props-sliced/street-lamp.png
  artifactKey: Guid(435d768cb69c86b4db0f1b7bf5e777a8) Importer(815301076,1909f56bfc062723c751e8b465ee728b)
Start importing Assets/Epoca De Piedra/PNG/environment/props-sliced/street-lamp.png using Guid(435d768cb69c86b4db0f1b7bf5e777a8) Importer(815301076,1909f56bfc062723c751e8b465ee728b)  -> (artifact id: 'a7455b2fd3414809acdb1f0c540e0746') in 0.021188 seconds 
========================================================================
Received Import Request.
  Time since last request: 325.510442 seconds.
  path: Assets/Epoca De Piedra/PNG/title-screen/instructions.png
  artifactKey: Guid(9f4e5c30dd469504b8e3f9ef6f8635b8) Importer(815301076,1909f56bfc062723c751e8b465ee728b)
Start importing Assets/Epoca De Piedra/PNG/title-screen/instructions.png using Guid(9f4e5c30dd469504b8e3f9ef6f8635b8) Importer(815301076,1909f56bfc062723c751e8b465ee728b)  -> (artifact id: 'efbb9050e9c6b92f06c504fa1c730879') in 0.034306 seconds 
========================================================================
Received Import Request.
  Time since last request: 0.000028 seconds.
  path: Assets/Epoca De Piedra/PNG/title-screen/title-screen.png
  artifactKey: Guid(7b624baaacf76994fb099ec59ddb5477) Importer(815301076,1909f56bfc062723c751e8b465ee728b)
Start importing Assets/Epoca De Piedra/PNG/title-screen/title-screen.png using Guid(7b624baaacf76994fb099ec59ddb5477) Importer(815301076,1909f56bfc062723c751e8b465ee728b)  -> (artifact id: '34250aab704536498512b2405affdabd') in 0.024782 seconds 
========================================================================
Received Import Request.
  Time since last request: 245.428065 seconds.
  path: Assets/Epoca De Piedra/PNG/sprites/bearded-idle/bearded-idle-2.png
  artifactKey: Guid(d46b331e3d00fe94f89a0b1097d8c779) Importer(815301076,1909f56bfc062723c751e8b465ee728b)
Start importing Assets/Epoca De Piedra/PNG/sprites/bearded-idle/bearded-idle-2.png using Guid(d46b331e3d00fe94f89a0b1097d8c779) Importer(815301076,1909f56bfc062723c751e8b465ee728b)  -> (artifact id: 'd1f1ad85428467c7b34b5d4ed1c96503') in 0.030701 seconds 
========================================================================
Received Import Request.
  Time since last request: 0.000038 seconds.
  path: Assets/Epoca De Piedra/PNG/sprites/bearded-idle/bearded-idle-5.png
  artifactKey: Guid(ba44be4360c4f91428d57c957772fb1d) Importer(815301076,1909f56bfc062723c751e8b465ee728b)
Start importing Assets/Epoca De Piedra/PNG/sprites/bearded-idle/bearded-idle-5.png using Guid(ba44be4360c4f91428d57c957772fb1d) Importer(815301076,1909f56bfc062723c751e8b465ee728b)  -> (artifact id: 'dd544239beb09cee064f01a2d71d614e') in 0.024004 seconds 
Editor requested this worker to shutdown with reason: Scaling down because of idle timeout
AssetImportWorker is now disconnected from the server
Process exiting
Exiting without the bug reporter. Application will terminate with return code 0