Using pre-set license
Built from '2021.3/staging' branch; Version is '2021.3.24f1 (cf10dcf7010d) revision 13570268'; Using compiler version '192829333'; Build Type 'Release'
OS: 'Windows 11  (10.0.22621) 64bit Core' Language: 'en' Physical Memory: 16085 MB
BatchMode: 1, IsHumanControllingUs: 0, StartBugReporterOnCrash: 0, Is64bit: 1, IsPro: 1

COMMAND LINE ARGUMENTS:
C:\Program Files\Unity\Hub\Editor\2021.3.24f1\Editor\Unity.exe
-adb2
-batchMode
-noUpm
-name
AssetImportWorker3
-projectPath
C:/Users/Kendry/Project Yudivian
-logFile
Logs/AssetImportWorker3.log
-srvPort
63907
Successfully changed project path to: C:/Users/Kendry/Project Yudivian
C:/Users/Kendry/Project Yudivian
[UnityMemory] Configuration Parameters - Can be set up in boot.config
    "memorysetup-bucket-allocator-granularity=16"
    "memorysetup-bucket-allocator-bucket-count=8"
    "memorysetup-bucket-allocator-block-size=33554432"
    "memorysetup-bucket-allocator-block-count=8"
    "memorysetup-main-allocator-block-size=16777216"
    "memorysetup-thread-allocator-block-size=16777216"
    "memorysetup-gfx-main-allocator-block-size=16777216"
    "memorysetup-gfx-thread-allocator-block-size=16777216"
    "memorysetup-cache-allocator-block-size=4194304"
    "memorysetup-typetree-allocator-block-size=2097152"
    "memorysetup-profiler-bucket-allocator-granularity=16"
    "memorysetup-profiler-bucket-allocator-bucket-count=8"
    "memorysetup-profiler-bucket-allocator-block-size=33554432"
    "memorysetup-profiler-bucket-allocator-block-count=8"
    "memorysetup-profiler-allocator-block-size=16777216"
    "memorysetup-profiler-editor-allocator-block-size=1048576"
    "memorysetup-temp-allocator-size-main=16777216"
    "memorysetup-job-temp-allocator-block-size=2097152"
    "memorysetup-job-temp-allocator-block-size-background=1048576"
    "memorysetup-job-temp-allocator-reduction-small-platforms=262144"
    "memorysetup-temp-allocator-size-background-worker=32768"
    "memorysetup-temp-allocator-size-job-worker=262144"
    "memorysetup-temp-allocator-size-preload-manager=33554432"
    "memorysetup-temp-allocator-size-nav-mesh-worker=65536"
    "memorysetup-temp-allocator-size-audio-worker=65536"
    "memorysetup-temp-allocator-size-cloud-worker=32768"
    "memorysetup-temp-allocator-size-gi-baking-worker=262144"
    "memorysetup-temp-allocator-size-gfx=262144"
Player connection [27880] Host "[IP] 10.32.32.3 [Port] 0 [Flags] 2 [Guid] 11391201 [EditorId] 11391201 [Version] 1048832 [Id] WindowsEditor(7,MSI) [Debug] 1 [PackageName] WindowsEditor [ProjectName] Editor" joined multi-casting on [225.0.0.222:54997]...

Player connection [27880] Host "[IP] 10.32.32.3 [Port] 0 [Flags] 2 [Guid] 11391201 [EditorId] 11391201 [Version] 1048832 [Id] WindowsEditor(7,MSI) [Debug] 1 [PackageName] WindowsEditor [ProjectName] Editor" joined alternative multi-casting on [225.0.0.222:34997]...

Refreshing native plugins compatible for Editor in 89.58 ms, found 4 plugins.
Preloading 0 native plugins for Editor in 0.00 ms.
Initialize engine version: 2021.3.24f1 (cf10dcf7010d)
[Subsystems] Discovering subsystems at path C:/Program Files/Unity/Hub/Editor/2021.3.24f1/Editor/Data/Resources/UnitySubsystems
[Subsystems] Discovering subsystems at path C:/Users/Kendry/Project Yudivian/Assets
GfxDevice: creating device client; threaded=0; jobified=0
Direct3D:
    Version:  Direct3D 11.0 [level 11.1]
    Renderer: NVIDIA GeForce GTX 1650 with Max-Q Design (ID=0x1f9d)
    Vendor:   NVIDIA
    VRAM:     3952 MB
    Driver:   31.0.15.3129
Initialize mono
Mono path[0] = 'C:/Program Files/Unity/Hub/Editor/2021.3.24f1/Editor/Data/Managed'
Mono path[1] = 'C:/Program Files/Unity/Hub/Editor/2021.3.24f1/Editor/Data/MonoBleedingEdge/lib/mono/unityjit-win32'
Mono config path = 'C:/Program Files/Unity/Hub/Editor/2021.3.24f1/Editor/Data/MonoBleedingEdge/etc'
Using monoOptions --debugger-agent=transport=dt_socket,embedding=1,server=y,suspend=n,address=127.0.0.1:56648
Begin MonoManager ReloadAssembly
Registering precompiled unity dll's ...
Register platform support module: C:/Program Files/Unity/Hub/Editor/2021.3.24f1/Editor/Data/PlaybackEngines/WindowsStandaloneSupport/UnityEditor.WindowsStandalone.Extensions.dll
Registered in 0.003056 seconds.
Native extension for WindowsStandalone target not found
Refreshing native plugins compatible for Editor in 75.86 ms, found 4 plugins.
Preloading 0 native plugins for Editor in 0.00 ms.
Mono: successfully reloaded assembly
- Completed reload, in  0.639 seconds
Domain Reload Profiling:
	ReloadAssembly (640ms)
		BeginReloadAssembly (76ms)
			ExecutionOrderSort (0ms)
			DisableScriptedObjects (0ms)
			BackupInstance (0ms)
			ReleaseScriptingObjects (0ms)
			CreateAndSetChildDomain (1ms)
		EndReloadAssembly (461ms)
			LoadAssemblies (74ms)
			RebuildTransferFunctionScriptingTraits (0ms)
			SetupTypeCache (112ms)
			ReleaseScriptCaches (0ms)
			RebuildScriptCaches (29ms)
			SetupLoadedEditorAssemblies (266ms)
				LogAssemblyErrors (0ms)
				InitializePlatformSupportModulesInManaged (7ms)
				SetLoadedEditorAssemblies (0ms)
				RefreshPlugins (76ms)
				BeforeProcessingInitializeOnLoad (1ms)
				ProcessInitializeOnLoadAttributes (138ms)
				ProcessInitializeOnLoadMethodAttributes (42ms)
				AfterProcessingInitializeOnLoad (0ms)
				EditorAssembliesLoaded (0ms)
			ExecutionOrderSort2 (0ms)
			AwakeInstancesAfterBackupRestoration (0ms)
Platform modules already initialized, skipping
Registering precompiled user dll's ...
Registered in 0.004474 seconds.
Begin MonoManager ReloadAssembly
Symbol file LoadedFromMemory doesn't match image C:\Users\Kendry\Project Yudivian\Library\PackageCache\com.unity.visualscripting@1.8.0\Editor\VisualScripting.Core\Dependencies\YamlDotNet\Unity.VisualScripting.YamlDotNet.dll
Symbol file LoadedFromMemory doesn't match image C:\Users\Kendry\Project Yudivian\Library\PackageCache\com.unity.visualscripting@1.8.0\Editor\VisualScripting.Core\Dependencies\DotNetZip\Unity.VisualScripting.IonicZip.dll
Native extension for WindowsStandalone target not found
Refreshing native plugins compatible for Editor in 87.42 ms, found 4 plugins.
Preloading 0 native plugins for Editor in 0.00 ms.
Mono: successfully reloaded assembly
- Completed reload, in  1.321 seconds
Domain Reload Profiling:
	ReloadAssembly (1322ms)
		BeginReloadAssembly (128ms)
			ExecutionOrderSort (0ms)
			DisableScriptedObjects (7ms)
			BackupInstance (0ms)
			ReleaseScriptingObjects (0ms)
			CreateAndSetChildDomain (23ms)
		EndReloadAssembly (1090ms)
			LoadAssemblies (94ms)
			RebuildTransferFunctionScriptingTraits (0ms)
			SetupTypeCache (344ms)
			ReleaseScriptCaches (1ms)
			RebuildScriptCaches (70ms)
			SetupLoadedEditorAssemblies (505ms)
				LogAssemblyErrors (0ms)
				InitializePlatformSupportModulesInManaged (4ms)
				SetLoadedEditorAssemblies (0ms)
				RefreshPlugins (88ms)
				BeforeProcessingInitializeOnLoad (103ms)
				ProcessInitializeOnLoadAttributes (261ms)
				ProcessInitializeOnLoadMethodAttributes (45ms)
				AfterProcessingInitializeOnLoad (4ms)
				EditorAssembliesLoaded (0ms)
			ExecutionOrderSort2 (0ms)
			AwakeInstancesAfterBackupRestoration (6ms)
Platform modules already initialized, skipping
========================================================================
Worker process is ready to serve import requests
Launched and connected shader compiler UnityShaderCompiler.exe after 0.09 seconds
Refreshing native plugins compatible for Editor in 0.75 ms, found 4 plugins.
Preloading 0 native plugins for Editor in 0.00 ms.
Unloading 3734 Unused Serialized files (Serialized files now loaded: 0)
Unloading 41 unused Assets / (229.4 KB). Loaded Objects now: 4187.
Memory consumption went from 142.7 MB to 142.5 MB.
Total: 5.034000 ms (FindLiveObjects: 0.269700 ms CreateObjectMapping: 0.135300 ms MarkObjects: 4.433600 ms  DeleteObjects: 0.194300 ms)

AssetImportParameters requested are different than current active one (requested -> active):
  custom:video-decoder-ogg-theora: a1e56fd34408186e4bbccfd4996cb3dc -> 
  custom:container-muxer-webm: aa71ff27fc2769a1b78a27578f13a17b -> 
  custom:container-demuxer-webm: 4f35f7cbe854078d1ac9338744f61a02 -> 
  custom:video-encoder-webm-vp8: eb34c28f22e8b96e1ab97ce403110664 -> 
  custom:audio-encoder-webm-vorbis: bf7c407c2cedff20999df2af8eb42d56 -> 
  custom:framework-win-MediaFoundation: 216162199b28c13a410421893ffa2e32 -> 
  custom:container-demuxer-ogg: 62fdf1f143b41e24485cea50d1cbac27 -> 
  custom:video-decoder-webm-vp8: 9c59270c3fd7afecdb556c50c9e8de78 -> 
  custom:audio-decoder-ogg-vorbis: bf7c407c2cedff20999df2af8eb42d56 -> 
========================================================================
Received Import Request.
  Time since last request: 1127500.957842 seconds.
  path: Assets/Epoca De Piedra/PNG/spritesheets/hat-man-idle.png
  artifactKey: Guid(15e08c86e38885041b800f867ea29e0a) Importer(815301076,1909f56bfc062723c751e8b465ee728b)
Start importing Assets/Epoca De Piedra/PNG/spritesheets/hat-man-idle.png using Guid(15e08c86e38885041b800f867ea29e0a) Importer(815301076,1909f56bfc062723c751e8b465ee728b)  -> (artifact id: 'e1ab50e1a9786dd1fcafdf8f81ced33b') in 0.139780 seconds 
========================================================================
Received Import Request.
  Time since last request: 13.354845 seconds.
  path: Assets/Epoca De Piedra/PNG/environment/layers/tileset.png
  artifactKey: Guid(ea6b9ecfc86f61e41a2b52662af0027c) Importer(815301076,1909f56bfc062723c751e8b465ee728b)
Start importing Assets/Epoca De Piedra/PNG/environment/layers/tileset.png using Guid(ea6b9ecfc86f61e41a2b52662af0027c) Importer(815301076,1909f56bfc062723c751e8b465ee728b)  -> (artifact id: '1509e4d784f56a9e52065a76dedb189b') in 0.038386 seconds 
========================================================================
Received Import Request.
  Time since last request: 12.837608 seconds.
  path: Assets/Epoca De Piedra/PNG/environment/layers/sliced-tileset/ground-right-corner.png
  artifactKey: Guid(3617c2c51b8a0e1469dcf2d3e652000d) Importer(815301076,1909f56bfc062723c751e8b465ee728b)
Start importing Assets/Epoca De Piedra/PNG/environment/layers/sliced-tileset/ground-right-corner.png using Guid(3617c2c51b8a0e1469dcf2d3e652000d) Importer(815301076,1909f56bfc062723c751e8b465ee728b)  -> (artifact id: 'a5b2accbf6587156102df3c44e2165d4') in 0.025465 seconds 
========================================================================
Received Import Request.
  Time since last request: 0.000028 seconds.
  path: Assets/Epoca De Piedra/PNG/environment/layers/sliced-tileset/ground-wood-legs.png
  artifactKey: Guid(a80dc6bf1f5d0f94d95e566dca88bb5c) Importer(815301076,1909f56bfc062723c751e8b465ee728b)
Start importing Assets/Epoca De Piedra/PNG/environment/layers/sliced-tileset/ground-wood-legs.png using Guid(a80dc6bf1f5d0f94d95e566dca88bb5c) Importer(815301076,1909f56bfc062723c751e8b465ee728b)  -> (artifact id: '3c62e4829a2528cc36e75201dd08678a') in 0.023110 seconds 
========================================================================
Received Import Request.
  Time since last request: 0.000046 seconds.
  path: Assets/Epoca De Piedra/PNG/environment/layers/sliced-tileset/left-slope.png
  artifactKey: Guid(1bc3aaeb8c17eb34cb855d5d690a4459) Importer(815301076,1909f56bfc062723c751e8b465ee728b)
Start importing Assets/Epoca De Piedra/PNG/environment/layers/sliced-tileset/left-slope.png using Guid(1bc3aaeb8c17eb34cb855d5d690a4459) Importer(815301076,1909f56bfc062723c751e8b465ee728b)  -> (artifact id: 'b8125f3136b0f5ac62789441bacce91a') in 0.020626 seconds 
========================================================================
Received Import Request.
  Time since last request: 0.000028 seconds.
  path: Assets/Epoca De Piedra/PNG/environment/layers/sliced-tileset/ground.png
  artifactKey: Guid(0aae0a1dedbb79b42964e6313da63f19) Importer(815301076,1909f56bfc062723c751e8b465ee728b)
Start importing Assets/Epoca De Piedra/PNG/environment/layers/sliced-tileset/ground.png using Guid(0aae0a1dedbb79b42964e6313da63f19) Importer(815301076,1909f56bfc062723c751e8b465ee728b)  -> (artifact id: '084371a2c23f43d73b3406bc3c5e70ce') in 0.020617 seconds 
========================================================================
Received Import Request.
  Time since last request: 0.000022 seconds.
  path: Assets/Epoca De Piedra/PNG/environment/layers/sliced-tileset/ground-wall-b.png
  artifactKey: Guid(a236c450940570a448998e04cf859210) Importer(815301076,1909f56bfc062723c751e8b465ee728b)
Start importing Assets/Epoca De Piedra/PNG/environment/layers/sliced-tileset/ground-wall-b.png using Guid(a236c450940570a448998e04cf859210) Importer(815301076,1909f56bfc062723c751e8b465ee728b)  -> (artifact id: '6665240e634cb9d060552598c431fe65') in 0.020400 seconds 
========================================================================
Received Import Request.
  Time since last request: 1.977582 seconds.
  path: Assets/Epoca De Piedra/PNG/environment/layers/sliced-tileset/stairs-mirror-left.png
  artifactKey: Guid(315de9507665c634eb68f1c1116d48d0) Importer(815301076,1909f56bfc062723c751e8b465ee728b)
Start importing Assets/Epoca De Piedra/PNG/environment/layers/sliced-tileset/stairs-mirror-left.png using Guid(315de9507665c634eb68f1c1116d48d0) Importer(815301076,1909f56bfc062723c751e8b465ee728b)  -> (artifact id: '30f8b04aa0349a522933da553a2564fb') in 0.022738 seconds 
========================================================================
Received Import Request.
  Time since last request: 0.000028 seconds.
  path: Assets/Epoca De Piedra/PNG/environment/layers/sliced-tileset/stairs-mirror.png
  artifactKey: Guid(db7bfb1f93b856a4c9919b14eef8da23) Importer(815301076,1909f56bfc062723c751e8b465ee728b)
Start importing Assets/Epoca De Piedra/PNG/environment/layers/sliced-tileset/stairs-mirror.png using Guid(db7bfb1f93b856a4c9919b14eef8da23) Importer(815301076,1909f56bfc062723c751e8b465ee728b)  -> (artifact id: '96b15c29112fee963c86ea33a5672461') in 0.019642 seconds 
========================================================================
Received Import Request.
  Time since last request: 0.000022 seconds.
  path: Assets/Epoca De Piedra/PNG/environment/layers/sliced-tileset/stairs-wall-mirror-right.png
  artifactKey: Guid(bd9d2ca4f08e5cd49afa569ac40da99b) Importer(815301076,1909f56bfc062723c751e8b465ee728b)
Start importing Assets/Epoca De Piedra/PNG/environment/layers/sliced-tileset/stairs-wall-mirror-right.png using Guid(bd9d2ca4f08e5cd49afa569ac40da99b) Importer(815301076,1909f56bfc062723c751e8b465ee728b)  -> (artifact id: '7564523884aa14d0d270021ba1fd1ccf') in 0.021201 seconds 
========================================================================
Received Import Request.
  Time since last request: 0.000023 seconds.
  path: Assets/Epoca De Piedra/PNG/environment/layers/sliced-tileset/stairs-wall-mirror.png
  artifactKey: Guid(048e120294c2a6f4ca6908750cce76fd) Importer(815301076,1909f56bfc062723c751e8b465ee728b)
Start importing Assets/Epoca De Piedra/PNG/environment/layers/sliced-tileset/stairs-wall-mirror.png using Guid(048e120294c2a6f4ca6908750cce76fd) Importer(815301076,1909f56bfc062723c751e8b465ee728b)  -> (artifact id: '759efbffe47067c1de9a09901a93e775') in 0.017693 seconds 
========================================================================
Received Import Request.
  Time since last request: 0.055563 seconds.
  path: Assets/Epoca De Piedra/PNG/environment/layers/sliced-tileset/stairs.png
  artifactKey: Guid(0bd85a203b63ce24ab0e7a880e0b30d2) Importer(815301076,1909f56bfc062723c751e8b465ee728b)
Start importing Assets/Epoca De Piedra/PNG/environment/layers/sliced-tileset/stairs.png using Guid(0bd85a203b63ce24ab0e7a880e0b30d2) Importer(815301076,1909f56bfc062723c751e8b465ee728b)  -> (artifact id: '0f8e4931a3078cc6a845d7afca721816') in 0.020759 seconds 
========================================================================
Received Import Request.
  Time since last request: 0.000019 seconds.
  path: Assets/Epoca De Piedra/PNG/environment/layers/sliced-tileset/wall-b.png
  artifactKey: Guid(7eb9065fb8b6e6448ba7aeb91963d7a7) Importer(815301076,1909f56bfc062723c751e8b465ee728b)
Start importing Assets/Epoca De Piedra/PNG/environment/layers/sliced-tileset/wall-b.png using Guid(7eb9065fb8b6e6448ba7aeb91963d7a7) Importer(815301076,1909f56bfc062723c751e8b465ee728b)  -> (artifact id: '64d252aaf403ff6bc231ad73043d65c7') in 0.021069 seconds 
========================================================================
Received Import Request.
  Time since last request: 0.000028 seconds.
  path: Assets/Epoca De Piedra/PNG/environment/layers/sliced-tileset/top-right-wood.png
  artifactKey: Guid(4c81be05c368f3249827761340e42bb3) Importer(815301076,1909f56bfc062723c751e8b465ee728b)
Start importing Assets/Epoca De Piedra/PNG/environment/layers/sliced-tileset/top-right-wood.png using Guid(4c81be05c368f3249827761340e42bb3) Importer(815301076,1909f56bfc062723c751e8b465ee728b)  -> (artifact id: '4c416d083fe8673baa6526b3033414a7') in 0.025808 seconds 
========================================================================
Received Import Request.
  Time since last request: 31.269396 seconds.
  path: Assets/Epoca De Piedra/PNG/environment/props-sliced/crate.png
  artifactKey: Guid(f206ab02e55c830448b6d701cc88361d) Importer(815301076,1909f56bfc062723c751e8b465ee728b)
Start importing Assets/Epoca De Piedra/PNG/environment/props-sliced/crate.png using Guid(f206ab02e55c830448b6d701cc88361d) Importer(815301076,1909f56bfc062723c751e8b465ee728b)  -> (artifact id: '1666e53572483868e677d88bab7d077c') in 0.027013 seconds 
========================================================================
Received Import Request.
  Time since last request: 0.000030 seconds.
  path: Assets/Epoca De Piedra/PNG/environment/props-sliced/sign.png
  artifactKey: Guid(164391d7bb24fe442864abf4425ae1c5) Importer(815301076,1909f56bfc062723c751e8b465ee728b)
Start importing Assets/Epoca De Piedra/PNG/environment/props-sliced/sign.png using Guid(164391d7bb24fe442864abf4425ae1c5) Importer(815301076,1909f56bfc062723c751e8b465ee728b)  -> (artifact id: '26c0aa85daca3b5249ed5352eccd9f97') in 0.024348 seconds 
========================================================================
Received Import Request.
  Time since last request: 0.000026 seconds.
  path: Assets/Epoca De Piedra/PNG/environment/props-sliced/house-b.png
  artifactKey: Guid(b32383d934d537348ab42cb0f12f1d2d) Importer(815301076,1909f56bfc062723c751e8b465ee728b)
Start importing Assets/Epoca De Piedra/PNG/environment/props-sliced/house-b.png using Guid(b32383d934d537348ab42cb0f12f1d2d) Importer(815301076,1909f56bfc062723c751e8b465ee728b)  -> (artifact id: 'a7d47586be1774bc21108975c3287708') in 0.030572 seconds 
Editor requested this worker to shutdown with reason: Scaling down because of idle timeout
AssetImportWorker is now disconnected from the server
Process exiting
Exiting without the bug reporter. Application will terminate with return code 0